2018.06.13 21:22:41 EDT INFO  objectsdetection.Controller 101 runVideoStreamingOnPi - Check Pi to see if Video is Streaming
2018.06.13 21:22:44 EDT INFO  objectsdetection.Controller 107 runVideoStreamingOnPi - Pi is not video streaming; Trying to start.
2018.06.13 21:22:46 EDT INFO  objectsdetection.Controller 56 createAndRunVideoStreaming - Starting Video Streaming ...
2018.06.13 21:22:46 EDT INFO  objectsdetection.Controller 77 createAndRunProducer - Starting Producer ...
2018.06.13 21:22:46 EDT INFO  objectsdetection.videostreamingsplitting.VideoStreamingAndSplittingWindows 46 generateCommand - C:\Program Files\VideoLAN\VLC\vlc.exe rtsp://192.168.0.103:8554/ --video-filter scene --scene-format jpg --scene-prefix t --scene-path C:\Users\wenbo\Desktop\videostreaming --no-scene-replace --scene-ratio 1
2018.06.13 21:22:46 EDT INFO  objectsdetection.Controller 88 createAndRunConsumer - Starting Consumer ...
2018.06.13 21:22:49 EDT INFO  objectsdetection.Producer 87 watchAndLoadImageDirectory - Putting New ENTRY_CREATE 1 t00001.jpg 

2018.06.13 21:22:49 EDT INFO  objectsdetection.Producer 87 watchAndLoadImageDirectory - Putting New ENTRY_CREATE 1 t00002.jpg 

2018.06.13 21:22:50 EDT INFO  objectsdetection.Producer 87 watchAndLoadImageDirectory - Putting New ENTRY_CREATE 1 t00003.jpg 

2018.06.13 21:22:50 EDT INFO  objectsdetection.Producer 87 watchAndLoadImageDirectory - Putting New ENTRY_CREATE 1 t00004.jpg 

2018.06.13 21:22:50 EDT INFO  objectsdetection.Producer 87 watchAndLoadImageDirectory - Putting New ENTRY_CREATE 1 t00005.jpg 

2018.06.13 21:22:50 EDT INFO  objectsdetection.Consumer 102 run - StartIndex 0, EndIndex 1, RandomIndex 0 (File Name C:\Users\wenbo\Desktop\videostreaming\t00001.jpg), ListSize 5, eachPart 1 

2018.06.13 21:22:50 EDT INFO  objectsdetection.Consumer 102 run - StartIndex 1, EndIndex 2, RandomIndex 1 (File Name C:\Users\wenbo\Desktop\videostreaming\t00002.jpg), ListSize 5, eachPart 1 

2018.06.13 21:22:50 EDT INFO  objectsdetection.Consumer 102 run - StartIndex 2, EndIndex 3, RandomIndex 2 (File Name C:\Users\wenbo\Desktop\videostreaming\t00003.jpg), ListSize 5, eachPart 1 

2018.06.13 21:22:50 EDT INFO  objectsdetection.Consumer 102 run - StartIndex 3, EndIndex 4, RandomIndex 3 (File Name C:\Users\wenbo\Desktop\videostreaming\t00004.jpg), ListSize 5, eachPart 1 

2018.06.13 21:22:50 EDT INFO  objectsdetection.Consumer 102 run - StartIndex 4, EndIndex 5, RandomIndex 4 (File Name C:\Users\wenbo\Desktop\videostreaming\t00005.jpg), ListSize 5, eachPart 1 

2018.06.13 21:22:50 EDT INFO  objectsdetection.Consumer 113 run - Cleaning List from 0 to 5 

2018.06.13 21:22:50 EDT INFO  objectsdetection.processors.WatsonProcessor 59 classifyAnImage - Faking : Classifying C:\Users\wenbo\Desktop\videostreaming\t00002.jpg on Thread pool-6-thread-2 

2018.06.13 21:22:50 EDT INFO  objectsdetection.processors.WatsonProcessor 59 classifyAnImage - Faking : Classifying C:\Users\wenbo\Desktop\videostreaming\t00001.jpg on Thread pool-6-thread-1 

2018.06.13 21:22:50 EDT INFO  objectsdetection.processors.WatsonProcessor 59 classifyAnImage - Faking : Classifying C:\Users\wenbo\Desktop\videostreaming\t00003.jpg on Thread pool-6-thread-3 

2018.06.13 21:22:50 EDT INFO  objectsdetection.processors.WatsonProcessor 59 classifyAnImage - Faking : Classifying C:\Users\wenbo\Desktop\videostreaming\t00005.jpg on Thread pool-6-thread-5 

2018.06.13 21:22:50 EDT INFO  objectsdetection.processors.WatsonProcessor 59 classifyAnImage - Faking : Classifying C:\Users\wenbo\Desktop\videostreaming\t00004.jpg on Thread pool-6-thread-4 

2018.06.13 21:22:50 EDT INFO  objectsdetection.Producer 87 watchAndLoadImageDirectory - Putting New ENTRY_CREATE 1 t00006.jpg 

2018.06.13 21:22:50 EDT INFO  objectsdetection.Producer 87 watchAndLoadImageDirectory - Putting New ENTRY_CREATE 1 t00007.jpg 

2018.06.13 21:22:50 EDT INFO  objectsdetection.Producer 87 watchAndLoadImageDirectory - Putting New ENTRY_CREATE 1 t00008.jpg 

2018.06.13 21:22:50 EDT INFO  objectsdetection.Producer 87 watchAndLoadImageDirectory - Putting New ENTRY_CREATE 1 t00009.jpg 

2018.06.13 21:22:50 EDT INFO  objectsdetection.Producer 87 watchAndLoadImageDirectory - Putting New ENTRY_CREATE 1 t00010.jpg 

2018.06.13 21:22:50 EDT INFO  objectsdetection.Producer 87 watchAndLoadImageDirectory - Putting New ENTRY_CREATE 1 t00011.jpg 

2018.06.13 21:22:50 EDT INFO  objectsdetection.Producer 87 watchAndLoadImageDirectory - Putting New ENTRY_CREATE 1 t00012.jpg 

2018.06.13 21:22:50 EDT INFO  objectsdetection.Producer 87 watchAndLoadImageDirectory - Putting New ENTRY_CREATE 1 t00013.jpg 

2018.06.13 21:22:50 EDT INFO  objectsdetection.Producer 87 watchAndLoadImageDirectory - Putting New ENTRY_CREATE 1 t00014.jpg 

2018.06.13 21:22:50 EDT INFO  objectsdetection.Producer 87 watchAndLoadImageDirectory - Putting New ENTRY_CREATE 1 t00015.jpg 

2018.06.13 21:22:50 EDT INFO  objectsdetection.Producer 87 watchAndLoadImageDirectory - Putting New ENTRY_CREATE 1 t00016.jpg 

2018.06.13 21:22:50 EDT INFO  objectsdetection.Producer 87 watchAndLoadImageDirectory - Putting New ENTRY_CREATE 1 t00017.jpg 

2018.06.13 21:22:50 EDT INFO  objectsdetection.Producer 87 watchAndLoadImageDirectory - Putting New ENTRY_CREATE 1 t00018.jpg 

2018.06.13 21:22:50 EDT INFO  objectsdetection.Producer 87 watchAndLoadImageDirectory - Putting New ENTRY_CREATE 1 t00019.jpg 

2018.06.13 21:22:50 EDT INFO  objectsdetection.Producer 87 watchAndLoadImageDirectory - Putting New ENTRY_CREATE 1 t00020.jpg 

2018.06.13 21:22:51 EDT INFO  objectsdetection.Producer 87 watchAndLoadImageDirectory - Putting New ENTRY_CREATE 1 t00021.jpg 

2018.06.13 21:22:51 EDT INFO  objectsdetection.Producer 87 watchAndLoadImageDirectory - Putting New ENTRY_CREATE 1 t00022.jpg 

2018.06.13 21:22:51 EDT INFO  objectsdetection.Producer 87 watchAndLoadImageDirectory - Putting New ENTRY_CREATE 1 t00023.jpg 

2018.06.13 21:22:51 EDT INFO  objectsdetection.Producer 87 watchAndLoadImageDirectory - Putting New ENTRY_CREATE 1 t00024.jpg 

2018.06.13 21:22:51 EDT INFO  objectsdetection.Producer 87 watchAndLoadImageDirectory - Putting New ENTRY_CREATE 1 t00025.jpg 

2018.06.13 21:22:51 EDT INFO  objectsdetection.Producer 87 watchAndLoadImageDirectory - Putting New ENTRY_CREATE 1 t00026.jpg 

2018.06.13 21:22:51 EDT INFO  objectsdetection.Producer 87 watchAndLoadImageDirectory - Putting New ENTRY_CREATE 1 t00027.jpg 

2018.06.13 21:22:51 EDT INFO  objectsdetection.Producer 87 watchAndLoadImageDirectory - Putting New ENTRY_CREATE 1 t00028.jpg 

2018.06.13 21:22:51 EDT INFO  objectsdetection.Producer 87 watchAndLoadImageDirectory - Putting New ENTRY_CREATE 1 t00029.jpg 

2018.06.13 21:22:51 EDT INFO  objectsdetection.Producer 87 watchAndLoadImageDirectory - Putting New ENTRY_CREATE 1 t00030.jpg 

2018.06.13 21:22:51 EDT INFO  objectsdetection.Producer 87 watchAndLoadImageDirectory - Putting New ENTRY_CREATE 1 t00031.jpg 

2018.06.13 21:22:51 EDT INFO  objectsdetection.Producer 87 watchAndLoadImageDirectory - Putting New ENTRY_CREATE 1 t00032.jpg 

2018.06.13 21:22:51 EDT INFO  objectsdetection.Producer 87 watchAndLoadImageDirectory - Putting New ENTRY_CREATE 1 t00033.jpg 

2018.06.13 21:22:51 EDT INFO  objectsdetection.Producer 87 watchAndLoadImageDirectory - Putting New ENTRY_CREATE 1 t00034.jpg 

2018.06.13 21:22:51 EDT INFO  objectsdetection.Producer 87 watchAndLoadImageDirectory - Putting New ENTRY_CREATE 1 t00035.jpg 

2018.06.13 21:22:51 EDT INFO  objectsdetection.Producer 87 watchAndLoadImageDirectory - Putting New ENTRY_CREATE 1 t00036.jpg 

2018.06.13 21:22:51 EDT INFO  objectsdetection.Producer 87 watchAndLoadImageDirectory - Putting New ENTRY_CREATE 1 t00037.jpg 

2018.06.13 21:22:51 EDT INFO  objectsdetection.Producer 87 watchAndLoadImageDirectory - Putting New ENTRY_CREATE 1 t00038.jpg 

2018.06.13 21:22:51 EDT INFO  objectsdetection.Producer 87 watchAndLoadImageDirectory - Putting New ENTRY_CREATE 1 t00039.jpg 

2018.06.13 21:22:51 EDT INFO  objectsdetection.Producer 87 watchAndLoadImageDirectory - Putting New ENTRY_CREATE 1 t00040.jpg 

2018.06.13 21:22:51 EDT INFO  objectsdetection.Producer 87 watchAndLoadImageDirectory - Putting New ENTRY_CREATE 1 t00041.jpg 

2018.06.13 21:22:51 EDT INFO  objectsdetection.Producer 87 watchAndLoadImageDirectory - Putting New ENTRY_CREATE 1 t00042.jpg 

2018.06.13 21:22:51 EDT INFO  objectsdetection.Producer 87 watchAndLoadImageDirectory - Putting New ENTRY_CREATE 1 t00043.jpg 

2018.06.13 21:22:51 EDT INFO  objectsdetection.Producer 87 watchAndLoadImageDirectory - Putting New ENTRY_CREATE 1 t00044.jpg 

2018.06.13 21:22:51 EDT INFO  objectsdetection.Producer 87 watchAndLoadImageDirectory - Putting New ENTRY_CREATE 1 t00045.jpg 

2018.06.13 21:22:51 EDT INFO  objectsdetection.Producer 87 watchAndLoadImageDirectory - Putting New ENTRY_CREATE 1 t00046.jpg 

2018.06.13 21:22:51 EDT INFO  objectsdetection.Producer 87 watchAndLoadImageDirectory - Putting New ENTRY_CREATE 1 t00047.jpg 

2018.06.13 21:22:51 EDT INFO  objectsdetection.Producer 87 watchAndLoadImageDirectory - Putting New ENTRY_CREATE 1 t00048.jpg 

2018.06.13 21:22:52 EDT INFO  objectsdetection.Producer 87 watchAndLoadImageDirectory - Putting New ENTRY_CREATE 1 t00049.jpg 

2018.06.13 21:22:52 EDT INFO  objectsdetection.Producer 87 watchAndLoadImageDirectory - Putting New ENTRY_CREATE 1 t00050.jpg 

2018.06.13 21:22:52 EDT INFO  objectsdetection.Producer 87 watchAndLoadImageDirectory - Putting New ENTRY_CREATE 1 t00051.jpg 

2018.06.13 21:22:52 EDT INFO  objectsdetection.Producer 87 watchAndLoadImageDirectory - Putting New ENTRY_CREATE 1 t00052.jpg 

2018.06.13 21:22:52 EDT INFO  objectsdetection.Producer 87 watchAndLoadImageDirectory - Putting New ENTRY_CREATE 1 t00053.jpg 

2018.06.13 21:22:52 EDT INFO  objectsdetection.Producer 87 watchAndLoadImageDirectory - Putting New ENTRY_CREATE 1 t00054.jpg 

2018.06.13 21:22:52 EDT INFO  objectsdetection.Producer 87 watchAndLoadImageDirectory - Putting New ENTRY_CREATE 1 t00055.jpg 

2018.06.13 21:22:52 EDT INFO  objectsdetection.Producer 87 watchAndLoadImageDirectory - Putting New ENTRY_CREATE 1 t00056.jpg 

2018.06.13 21:22:52 EDT INFO  objectsdetection.Producer 87 watchAndLoadImageDirectory - Putting New ENTRY_CREATE 1 t00057.jpg 

2018.06.13 21:22:52 EDT INFO  objectsdetection.Producer 87 watchAndLoadImageDirectory - Putting New ENTRY_CREATE 1 t00058.jpg 

2018.06.13 21:22:52 EDT INFO  objectsdetection.Producer 87 watchAndLoadImageDirectory - Putting New ENTRY_CREATE 1 t00059.jpg 

2018.06.13 21:22:52 EDT INFO  objectsdetection.Producer 87 watchAndLoadImageDirectory - Putting New ENTRY_CREATE 1 t00060.jpg 

2018.06.13 21:22:52 EDT INFO  objectsdetection.Producer 87 watchAndLoadImageDirectory - Putting New ENTRY_CREATE 1 t00061.jpg 

2018.06.13 21:22:52 EDT INFO  objectsdetection.Producer 87 watchAndLoadImageDirectory - Putting New ENTRY_CREATE 1 t00062.jpg 

2018.06.13 21:22:52 EDT INFO  objectsdetection.Producer 87 watchAndLoadImageDirectory - Putting New ENTRY_CREATE 1 t00063.jpg 

2018.06.13 21:22:52 EDT INFO  objectsdetection.Producer 87 watchAndLoadImageDirectory - Putting New ENTRY_CREATE 1 t00064.jpg 

2018.06.13 21:22:52 EDT INFO  objectsdetection.Producer 87 watchAndLoadImageDirectory - Putting New ENTRY_CREATE 1 t00065.jpg 

2018.06.13 21:22:52 EDT INFO  objectsdetection.Producer 87 watchAndLoadImageDirectory - Putting New ENTRY_CREATE 1 t00066.jpg 

2018.06.13 21:22:52 EDT INFO  objectsdetection.Producer 87 watchAndLoadImageDirectory - Putting New ENTRY_CREATE 1 t00067.jpg 

2018.06.13 21:22:52 EDT INFO  objectsdetection.Producer 87 watchAndLoadImageDirectory - Putting New ENTRY_CREATE 1 t00068.jpg 

2018.06.13 21:22:52 EDT INFO  objectsdetection.Producer 87 watchAndLoadImageDirectory - Putting New ENTRY_CREATE 1 t00069.jpg 

2018.06.13 21:22:52 EDT INFO  objectsdetection.Producer 87 watchAndLoadImageDirectory - Putting New ENTRY_CREATE 1 t00070.jpg 

2018.06.13 21:22:52 EDT INFO  objectsdetection.Producer 87 watchAndLoadImageDirectory - Putting New ENTRY_CREATE 1 t00071.jpg 

2018.06.13 21:22:52 EDT INFO  objectsdetection.Producer 87 watchAndLoadImageDirectory - Putting New ENTRY_CREATE 1 t00072.jpg 

2018.06.13 21:22:53 EDT INFO  objectsdetection.Producer 87 watchAndLoadImageDirectory - Putting New ENTRY_CREATE 1 t00073.jpg 

2018.06.13 21:22:53 EDT INFO  objectsdetection.Producer 87 watchAndLoadImageDirectory - Putting New ENTRY_CREATE 1 t00074.jpg 

2018.06.13 21:22:53 EDT INFO  objectsdetection.Producer 87 watchAndLoadImageDirectory - Putting New ENTRY_CREATE 1 t00075.jpg 

2018.06.13 21:22:53 EDT INFO  objectsdetection.Producer 87 watchAndLoadImageDirectory - Putting New ENTRY_CREATE 1 t00076.jpg 

2018.06.13 21:22:53 EDT INFO  objectsdetection.Producer 87 watchAndLoadImageDirectory - Putting New ENTRY_CREATE 1 t00077.jpg 

2018.06.13 21:22:53 EDT INFO  objectsdetection.Producer 87 watchAndLoadImageDirectory - Putting New ENTRY_CREATE 1 t00078.jpg 

2018.06.13 21:22:53 EDT INFO  objectsdetection.Producer 87 watchAndLoadImageDirectory - Putting New ENTRY_CREATE 1 t00079.jpg 

2018.06.13 21:22:53 EDT INFO  objectsdetection.Producer 87 watchAndLoadImageDirectory - Putting New ENTRY_CREATE 1 t00080.jpg 

2018.06.13 21:22:53 EDT INFO  objectsdetection.Producer 87 watchAndLoadImageDirectory - Putting New ENTRY_CREATE 1 t00081.jpg 

2018.06.13 21:22:53 EDT INFO  objectsdetection.Producer 87 watchAndLoadImageDirectory - Putting New ENTRY_CREATE 1 t00082.jpg 

2018.06.13 21:22:53 EDT INFO  objectsdetection.Producer 87 watchAndLoadImageDirectory - Putting New ENTRY_CREATE 1 t00083.jpg 

2018.06.13 21:22:53 EDT INFO  objectsdetection.Producer 87 watchAndLoadImageDirectory - Putting New ENTRY_CREATE 1 t00084.jpg 

2018.06.13 21:22:53 EDT INFO  objectsdetection.Producer 87 watchAndLoadImageDirectory - Putting New ENTRY_CREATE 1 t00085.jpg 

2018.06.13 21:22:53 EDT INFO  objectsdetection.Producer 87 watchAndLoadImageDirectory - Putting New ENTRY_CREATE 1 t00086.jpg 

2018.06.13 21:22:53 EDT INFO  objectsdetection.Producer 87 watchAndLoadImageDirectory - Putting New ENTRY_CREATE 1 t00087.jpg 

2018.06.13 21:22:53 EDT INFO  objectsdetection.Producer 87 watchAndLoadImageDirectory - Putting New ENTRY_CREATE 1 t00088.jpg 

2018.06.13 21:22:54 EDT INFO  objectsdetection.Producer 87 watchAndLoadImageDirectory - Putting New ENTRY_CREATE 1 t00089.jpg 

2018.06.13 21:22:54 EDT INFO  objectsdetection.Producer 87 watchAndLoadImageDirectory - Putting New ENTRY_CREATE 1 t00090.jpg 

2018.06.13 21:22:54 EDT INFO  objectsdetection.Producer 87 watchAndLoadImageDirectory - Putting New ENTRY_CREATE 1 t00091.jpg 

2018.06.13 21:22:54 EDT INFO  objectsdetection.helpers.Helper 104 deleteImage - Helper Deleting C:\Users\wenbo\Desktop\videostreaming\t00001.jpg
2018.06.13 21:22:54 EDT INFO  objectsdetection.helpers.Helper 104 deleteImage - Helper Deleting C:\Users\wenbo\Desktop\videostreaming\t00002.jpg
2018.06.13 21:22:54 EDT INFO  objectsdetection.helpers.Helper 104 deleteImage - Helper Deleting C:\Users\wenbo\Desktop\videostreaming\t00003.jpg
2018.06.13 21:22:54 EDT INFO  objectsdetection.helpers.Helper 104 deleteImage - Helper Deleting C:\Users\wenbo\Desktop\videostreaming\t00005.jpg
2018.06.13 21:22:54 EDT INFO  objectsdetection.helpers.Helper 104 deleteImage - Helper Deleting C:\Users\wenbo\Desktop\videostreaming\t00004.jpg
2018.06.13 21:22:54 EDT INFO  objectsdetection.Consumer 102 run - StartIndex 0, EndIndex 17, RandomIndex 9 (File Name C:\Users\wenbo\Desktop\videostreaming\t00015.jpg), ListSize 86, eachPart 17 

2018.06.13 21:22:54 EDT INFO  objectsdetection.Consumer 102 run - StartIndex 17, EndIndex 34, RandomIndex 17 (File Name C:\Users\wenbo\Desktop\videostreaming\t00023.jpg), ListSize 86, eachPart 17 

2018.06.13 21:22:54 EDT INFO  objectsdetection.Consumer 102 run - StartIndex 34, EndIndex 51, RandomIndex 43 (File Name C:\Users\wenbo\Desktop\videostreaming\t00049.jpg), ListSize 86, eachPart 17 

2018.06.13 21:22:54 EDT INFO  objectsdetection.processors.WatsonProcessor 59 classifyAnImage - Faking : Classifying C:\Users\wenbo\Desktop\videostreaming\t00015.jpg on Thread pool-6-thread-1 

2018.06.13 21:22:54 EDT INFO  objectsdetection.Consumer 102 run - StartIndex 51, EndIndex 68, RandomIndex 67 (File Name C:\Users\wenbo\Desktop\videostreaming\t00073.jpg), ListSize 86, eachPart 17 

2018.06.13 21:22:54 EDT INFO  objectsdetection.Consumer 102 run - StartIndex 68, EndIndex 85, RandomIndex 72 (File Name C:\Users\wenbo\Desktop\videostreaming\t00078.jpg), ListSize 86, eachPart 17 

2018.06.13 21:22:54 EDT INFO  objectsdetection.Consumer 113 run - Cleaning List from 0 to 85 

2018.06.13 21:22:54 EDT INFO  objectsdetection.Consumer$1 134 deleteImage - Consumer Deleting C:\Users\wenbo\Desktop\videostreaming\t00006.jpg
2018.06.13 21:22:54 EDT INFO  objectsdetection.Consumer$1 134 deleteImage - Consumer Deleting C:\Users\wenbo\Desktop\videostreaming\t00007.jpg
2018.06.13 21:22:54 EDT INFO  objectsdetection.Consumer$1 134 deleteImage - Consumer Deleting C:\Users\wenbo\Desktop\videostreaming\t00008.jpg
2018.06.13 21:22:54 EDT INFO  objectsdetection.Producer 87 watchAndLoadImageDirectory - Putting New ENTRY_CREATE 1 t00092.jpg 

2018.06.13 21:22:54 EDT INFO  objectsdetection.Consumer$1 134 deleteImage - Consumer Deleting C:\Users\wenbo\Desktop\videostreaming\t00009.jpg
2018.06.13 21:22:54 EDT INFO  objectsdetection.Consumer$1 134 deleteImage - Consumer Deleting C:\Users\wenbo\Desktop\videostreaming\t00010.jpg
2018.06.13 21:22:54 EDT INFO  objectsdetection.processors.WatsonProcessor 59 classifyAnImage - Faking : Classifying C:\Users\wenbo\Desktop\videostreaming\t00049.jpg on Thread pool-6-thread-3 

2018.06.13 21:22:54 EDT INFO  objectsdetection.Consumer$1 134 deleteImage - Consumer Deleting C:\Users\wenbo\Desktop\videostreaming\t00011.jpg
2018.06.13 21:22:54 EDT INFO  objectsdetection.Consumer$1 134 deleteImage - Consumer Deleting C:\Users\wenbo\Desktop\videostreaming\t00012.jpg
2018.06.13 21:22:54 EDT INFO  objectsdetection.Consumer$1 134 deleteImage - Consumer Deleting C:\Users\wenbo\Desktop\videostreaming\t00013.jpg
2018.06.13 21:22:54 EDT INFO  objectsdetection.Consumer$1 134 deleteImage - Consumer Deleting C:\Users\wenbo\Desktop\videostreaming\t00014.jpg
2018.06.13 21:22:54 EDT INFO  objectsdetection.Consumer$1 134 deleteImage - Consumer Deleting C:\Users\wenbo\Desktop\videostreaming\t00016.jpg
2018.06.13 21:22:54 EDT INFO  objectsdetection.Consumer$1 134 deleteImage - Consumer Deleting C:\Users\wenbo\Desktop\videostreaming\t00017.jpg
2018.06.13 21:22:54 EDT INFO  objectsdetection.Consumer$1 134 deleteImage - Consumer Deleting C:\Users\wenbo\Desktop\videostreaming\t00018.jpg
2018.06.13 21:22:54 EDT INFO  objectsdetection.processors.WatsonProcessor 59 classifyAnImage - Faking : Classifying C:\Users\wenbo\Desktop\videostreaming\t00078.jpg on Thread pool-6-thread-4 

2018.06.13 21:22:54 EDT INFO  objectsdetection.processors.WatsonProcessor 59 classifyAnImage - Faking : Classifying C:\Users\wenbo\Desktop\videostreaming\t00073.jpg on Thread pool-6-thread-5 

2018.06.13 21:22:54 EDT INFO  objectsdetection.Consumer$1 134 deleteImage - Consumer Deleting C:\Users\wenbo\Desktop\videostreaming\t00019.jpg
2018.06.13 21:22:54 EDT INFO  objectsdetection.processors.WatsonProcessor 59 classifyAnImage - Faking : Classifying C:\Users\wenbo\Desktop\videostreaming\t00023.jpg on Thread pool-6-thread-2 

2018.06.13 21:22:54 EDT INFO  objectsdetection.Consumer$1 134 deleteImage - Consumer Deleting C:\Users\wenbo\Desktop\videostreaming\t00020.jpg
2018.06.13 21:22:54 EDT INFO  objectsdetection.Consumer$1 134 deleteImage - Consumer Deleting C:\Users\wenbo\Desktop\videostreaming\t00021.jpg
2018.06.13 21:22:54 EDT INFO  objectsdetection.Consumer$1 134 deleteImage - Consumer Deleting C:\Users\wenbo\Desktop\videostreaming\t00022.jpg
2018.06.13 21:22:54 EDT INFO  objectsdetection.Consumer$1 134 deleteImage - Consumer Deleting C:\Users\wenbo\Desktop\videostreaming\t00024.jpg
2018.06.13 21:22:54 EDT INFO  objectsdetection.Consumer$1 134 deleteImage - Consumer Deleting C:\Users\wenbo\Desktop\videostreaming\t00025.jpg
2018.06.13 21:22:54 EDT INFO  objectsdetection.Consumer$1 134 deleteImage - Consumer Deleting C:\Users\wenbo\Desktop\videostreaming\t00026.jpg
2018.06.13 21:22:54 EDT INFO  objectsdetection.Consumer$1 134 deleteImage - Consumer Deleting C:\Users\wenbo\Desktop\videostreaming\t00027.jpg
2018.06.13 21:22:54 EDT INFO  objectsdetection.Consumer$1 134 deleteImage - Consumer Deleting C:\Users\wenbo\Desktop\videostreaming\t00028.jpg
2018.06.13 21:22:54 EDT INFO  objectsdetection.Consumer$1 134 deleteImage - Consumer Deleting C:\Users\wenbo\Desktop\videostreaming\t00029.jpg
2018.06.13 21:22:54 EDT INFO  objectsdetection.Consumer$1 134 deleteImage - Consumer Deleting C:\Users\wenbo\Desktop\videostreaming\t00030.jpg
2018.06.13 21:22:54 EDT INFO  objectsdetection.Consumer$1 134 deleteImage - Consumer Deleting C:\Users\wenbo\Desktop\videostreaming\t00031.jpg
2018.06.13 21:22:54 EDT INFO  objectsdetection.Consumer$1 134 deleteImage - Consumer Deleting C:\Users\wenbo\Desktop\videostreaming\t00032.jpg
2018.06.13 21:22:54 EDT INFO  objectsdetection.Consumer$1 134 deleteImage - Consumer Deleting C:\Users\wenbo\Desktop\videostreaming\t00033.jpg
2018.06.13 21:22:54 EDT INFO  objectsdetection.Consumer$1 134 deleteImage - Consumer Deleting C:\Users\wenbo\Desktop\videostreaming\t00034.jpg
2018.06.13 21:22:54 EDT INFO  objectsdetection.Consumer$1 134 deleteImage - Consumer Deleting C:\Users\wenbo\Desktop\videostreaming\t00035.jpg
2018.06.13 21:22:54 EDT INFO  objectsdetection.Consumer$1 134 deleteImage - Consumer Deleting C:\Users\wenbo\Desktop\videostreaming\t00036.jpg
2018.06.13 21:22:54 EDT INFO  objectsdetection.Consumer$1 134 deleteImage - Consumer Deleting C:\Users\wenbo\Desktop\videostreaming\t00037.jpg
2018.06.13 21:22:54 EDT INFO  objectsdetection.Consumer$1 134 deleteImage - Consumer Deleting C:\Users\wenbo\Desktop\videostreaming\t00038.jpg
2018.06.13 21:22:54 EDT INFO  objectsdetection.Producer 87 watchAndLoadImageDirectory - Putting New ENTRY_CREATE 1 t00093.jpg 

2018.06.13 21:22:54 EDT INFO  objectsdetection.Consumer$1 134 deleteImage - Consumer Deleting C:\Users\wenbo\Desktop\videostreaming\t00039.jpg
2018.06.13 21:22:54 EDT INFO  objectsdetection.Consumer$1 134 deleteImage - Consumer Deleting C:\Users\wenbo\Desktop\videostreaming\t00040.jpg
2018.06.13 21:22:54 EDT INFO  objectsdetection.Consumer$1 134 deleteImage - Consumer Deleting C:\Users\wenbo\Desktop\videostreaming\t00041.jpg
2018.06.13 21:22:54 EDT INFO  objectsdetection.Consumer$1 134 deleteImage - Consumer Deleting C:\Users\wenbo\Desktop\videostreaming\t00042.jpg
2018.06.13 21:22:54 EDT INFO  objectsdetection.Consumer$1 134 deleteImage - Consumer Deleting C:\Users\wenbo\Desktop\videostreaming\t00043.jpg
2018.06.13 21:22:54 EDT INFO  objectsdetection.Consumer$1 134 deleteImage - Consumer Deleting C:\Users\wenbo\Desktop\videostreaming\t00044.jpg
2018.06.13 21:22:54 EDT INFO  objectsdetection.Consumer$1 134 deleteImage - Consumer Deleting C:\Users\wenbo\Desktop\videostreaming\t00045.jpg
2018.06.13 21:22:54 EDT INFO  objectsdetection.Consumer$1 134 deleteImage - Consumer Deleting C:\Users\wenbo\Desktop\videostreaming\t00046.jpg
2018.06.13 21:22:54 EDT INFO  objectsdetection.Consumer$1 134 deleteImage - Consumer Deleting C:\Users\wenbo\Desktop\videostreaming\t00047.jpg
2018.06.13 21:22:54 EDT INFO  objectsdetection.Consumer$1 134 deleteImage - Consumer Deleting C:\Users\wenbo\Desktop\videostreaming\t00048.jpg
2018.06.13 21:22:54 EDT INFO  objectsdetection.Consumer$1 134 deleteImage - Consumer Deleting C:\Users\wenbo\Desktop\videostreaming\t00050.jpg
2018.06.13 21:22:54 EDT INFO  objectsdetection.Consumer$1 134 deleteImage - Consumer Deleting C:\Users\wenbo\Desktop\videostreaming\t00051.jpg
2018.06.13 21:22:54 EDT INFO  objectsdetection.Consumer$1 134 deleteImage - Consumer Deleting C:\Users\wenbo\Desktop\videostreaming\t00052.jpg
2018.06.13 21:22:54 EDT INFO  objectsdetection.Consumer$1 134 deleteImage - Consumer Deleting C:\Users\wenbo\Desktop\videostreaming\t00053.jpg
2018.06.13 21:22:54 EDT INFO  objectsdetection.Consumer$1 134 deleteImage - Consumer Deleting C:\Users\wenbo\Desktop\videostreaming\t00054.jpg
2018.06.13 21:22:54 EDT INFO  objectsdetection.Consumer$1 134 deleteImage - Consumer Deleting C:\Users\wenbo\Desktop\videostreaming\t00055.jpg
2018.06.13 21:22:54 EDT INFO  objectsdetection.Consumer$1 134 deleteImage - Consumer Deleting C:\Users\wenbo\Desktop\videostreaming\t00056.jpg
2018.06.13 21:22:54 EDT INFO  objectsdetection.Consumer$1 134 deleteImage - Consumer Deleting C:\Users\wenbo\Desktop\videostreaming\t00057.jpg
2018.06.13 21:22:54 EDT INFO  objectsdetection.Consumer$1 134 deleteImage - Consumer Deleting C:\Users\wenbo\Desktop\videostreaming\t00058.jpg
2018.06.13 21:22:54 EDT INFO  objectsdetection.Consumer$1 134 deleteImage - Consumer Deleting C:\Users\wenbo\Desktop\videostreaming\t00059.jpg
2018.06.13 21:22:54 EDT INFO  objectsdetection.Consumer$1 134 deleteImage - Consumer Deleting C:\Users\wenbo\Desktop\videostreaming\t00060.jpg
2018.06.13 21:22:54 EDT INFO  objectsdetection.Consumer$1 134 deleteImage - Consumer Deleting C:\Users\wenbo\Desktop\videostreaming\t00061.jpg
2018.06.13 21:22:54 EDT INFO  objectsdetection.Producer 87 watchAndLoadImageDirectory - Putting New ENTRY_CREATE 1 t00094.jpg 

2018.06.13 21:22:54 EDT INFO  objectsdetection.Consumer$1 134 deleteImage - Consumer Deleting C:\Users\wenbo\Desktop\videostreaming\t00062.jpg
2018.06.13 21:22:54 EDT INFO  objectsdetection.Consumer$1 134 deleteImage - Consumer Deleting C:\Users\wenbo\Desktop\videostreaming\t00063.jpg
2018.06.13 21:22:54 EDT INFO  objectsdetection.Consumer$1 134 deleteImage - Consumer Deleting C:\Users\wenbo\Desktop\videostreaming\t00064.jpg
2018.06.13 21:22:54 EDT INFO  objectsdetection.Consumer$1 134 deleteImage - Consumer Deleting C:\Users\wenbo\Desktop\videostreaming\t00065.jpg
2018.06.13 21:22:54 EDT INFO  objectsdetection.Producer 87 watchAndLoadImageDirectory - Putting New ENTRY_CREATE 1 t00095.jpg 

2018.06.13 21:22:54 EDT INFO  objectsdetection.Consumer$1 134 deleteImage - Consumer Deleting C:\Users\wenbo\Desktop\videostreaming\t00066.jpg
2018.06.13 21:22:54 EDT INFO  objectsdetection.Consumer$1 134 deleteImage - Consumer Deleting C:\Users\wenbo\Desktop\videostreaming\t00067.jpg
2018.06.13 21:22:54 EDT INFO  objectsdetection.Consumer$1 134 deleteImage - Consumer Deleting C:\Users\wenbo\Desktop\videostreaming\t00068.jpg
2018.06.13 21:22:54 EDT INFO  objectsdetection.Consumer$1 134 deleteImage - Consumer Deleting C:\Users\wenbo\Desktop\videostreaming\t00069.jpg
2018.06.13 21:22:54 EDT INFO  objectsdetection.Consumer$1 134 deleteImage - Consumer Deleting C:\Users\wenbo\Desktop\videostreaming\t00070.jpg
2018.06.13 21:22:54 EDT INFO  objectsdetection.Consumer$1 134 deleteImage - Consumer Deleting C:\Users\wenbo\Desktop\videostreaming\t00071.jpg
2018.06.13 21:22:54 EDT INFO  objectsdetection.Consumer$1 134 deleteImage - Consumer Deleting C:\Users\wenbo\Desktop\videostreaming\t00072.jpg
2018.06.13 21:22:54 EDT INFO  objectsdetection.Consumer$1 134 deleteImage - Consumer Deleting C:\Users\wenbo\Desktop\videostreaming\t00074.jpg
2018.06.13 21:22:54 EDT INFO  objectsdetection.Consumer$1 134 deleteImage - Consumer Deleting C:\Users\wenbo\Desktop\videostreaming\t00075.jpg
2018.06.13 21:22:54 EDT INFO  objectsdetection.Consumer$1 134 deleteImage - Consumer Deleting C:\Users\wenbo\Desktop\videostreaming\t00076.jpg
2018.06.13 21:22:54 EDT INFO  objectsdetection.Consumer$1 134 deleteImage - Consumer Deleting C:\Users\wenbo\Desktop\videostreaming\t00077.jpg
2018.06.13 21:22:54 EDT INFO  objectsdetection.Producer 87 watchAndLoadImageDirectory - Putting New ENTRY_CREATE 1 t00096.jpg 

2018.06.13 21:22:54 EDT INFO  objectsdetection.Consumer$1 134 deleteImage - Consumer Deleting C:\Users\wenbo\Desktop\videostreaming\t00079.jpg
2018.06.13 21:22:54 EDT INFO  objectsdetection.Consumer$1 134 deleteImage - Consumer Deleting C:\Users\wenbo\Desktop\videostreaming\t00080.jpg
2018.06.13 21:22:54 EDT INFO  objectsdetection.Consumer$1 134 deleteImage - Consumer Deleting C:\Users\wenbo\Desktop\videostreaming\t00081.jpg
2018.06.13 21:22:54 EDT INFO  objectsdetection.Consumer$1 134 deleteImage - Consumer Deleting C:\Users\wenbo\Desktop\videostreaming\t00082.jpg
2018.06.13 21:22:54 EDT INFO  objectsdetection.Consumer$1 134 deleteImage - Consumer Deleting C:\Users\wenbo\Desktop\videostreaming\t00083.jpg
2018.06.13 21:22:54 EDT INFO  objectsdetection.Consumer$1 134 deleteImage - Consumer Deleting C:\Users\wenbo\Desktop\videostreaming\t00084.jpg
2018.06.13 21:22:54 EDT INFO  objectsdetection.Consumer$1 134 deleteImage - Consumer Deleting C:\Users\wenbo\Desktop\videostreaming\t00085.jpg
2018.06.13 21:22:54 EDT INFO  objectsdetection.Consumer$1 134 deleteImage - Consumer Deleting C:\Users\wenbo\Desktop\videostreaming\t00086.jpg
2018.06.13 21:22:54 EDT INFO  objectsdetection.Consumer$1 134 deleteImage - Consumer Deleting C:\Users\wenbo\Desktop\videostreaming\t00087.jpg
2018.06.13 21:22:54 EDT INFO  objectsdetection.Consumer$1 134 deleteImage - Consumer Deleting C:\Users\wenbo\Desktop\videostreaming\t00088.jpg
2018.06.13 21:22:54 EDT INFO  objectsdetection.Consumer$1 134 deleteImage - Consumer Deleting C:\Users\wenbo\Desktop\videostreaming\t00089.jpg
2018.06.13 21:22:54 EDT INFO  objectsdetection.Consumer$1 134 deleteImage - Consumer Deleting C:\Users\wenbo\Desktop\videostreaming\t00090.jpg
2018.06.13 21:22:54 EDT INFO  objectsdetection.Consumer$1 134 deleteImage - Consumer Deleting C:\Users\wenbo\Desktop\videostreaming\t00091.jpg
2018.06.13 21:22:54 EDT INFO  objectsdetection.Producer 87 watchAndLoadImageDirectory - Putting New ENTRY_CREATE 1 t00097.jpg 

2018.06.13 21:22:54 EDT INFO  objectsdetection.Producer 87 watchAndLoadImageDirectory - Putting New ENTRY_CREATE 1 t00098.jpg 

2018.06.13 21:22:54 EDT INFO  objectsdetection.Producer 87 watchAndLoadImageDirectory - Putting New ENTRY_CREATE 1 t00099.jpg 

2018.06.13 21:22:54 EDT INFO  objectsdetection.Producer 87 watchAndLoadImageDirectory - Putting New ENTRY_CREATE 1 t00100.jpg 

2018.06.13 21:22:54 EDT INFO  objectsdetection.Producer 87 watchAndLoadImageDirectory - Putting New ENTRY_CREATE 1 t00101.jpg 

2018.06.13 21:22:54 EDT INFO  objectsdetection.Producer 87 watchAndLoadImageDirectory - Putting New ENTRY_CREATE 1 t00102.jpg 

2018.06.13 21:22:54 EDT INFO  objectsdetection.Producer 87 watchAndLoadImageDirectory - Putting New ENTRY_CREATE 1 t00103.jpg 

2018.06.13 21:22:54 EDT INFO  objectsdetection.Producer 87 watchAndLoadImageDirectory - Putting New ENTRY_CREATE 1 t00104.jpg 

2018.06.13 21:22:55 EDT INFO  objectsdetection.Producer 87 watchAndLoadImageDirectory - Putting New ENTRY_CREATE 1 t00105.jpg 

2018.06.13 21:22:55 EDT INFO  objectsdetection.Producer 87 watchAndLoadImageDirectory - Putting New ENTRY_CREATE 1 t00106.jpg 

2018.06.13 21:22:55 EDT INFO  objectsdetection.Producer 87 watchAndLoadImageDirectory - Putting New ENTRY_CREATE 1 t00107.jpg 

2018.06.13 21:22:55 EDT INFO  objectsdetection.Producer 87 watchAndLoadImageDirectory - Putting New ENTRY_CREATE 1 t00108.jpg 

2018.06.13 21:22:55 EDT INFO  objectsdetection.Producer 87 watchAndLoadImageDirectory - Putting New ENTRY_CREATE 1 t00109.jpg 

2018.06.13 21:22:55 EDT INFO  objectsdetection.Producer 87 watchAndLoadImageDirectory - Putting New ENTRY_CREATE 1 t00110.jpg 

2018.06.13 21:22:55 EDT INFO  objectsdetection.Producer 87 watchAndLoadImageDirectory - Putting New ENTRY_CREATE 1 t00111.jpg 

2018.06.13 21:22:55 EDT INFO  objectsdetection.Producer 87 watchAndLoadImageDirectory - Putting New ENTRY_CREATE 1 t00112.jpg 

2018.06.13 21:22:55 EDT INFO  objectsdetection.Producer 87 watchAndLoadImageDirectory - Putting New ENTRY_CREATE 1 t00113.jpg 

2018.06.13 21:22:55 EDT INFO  objectsdetection.Producer 87 watchAndLoadImageDirectory - Putting New ENTRY_CREATE 1 t00114.jpg 

2018.06.13 21:22:55 EDT INFO  objectsdetection.Producer 87 watchAndLoadImageDirectory - Putting New ENTRY_CREATE 1 t00115.jpg 

2018.06.13 21:22:55 EDT INFO  objectsdetection.Producer 87 watchAndLoadImageDirectory - Putting New ENTRY_CREATE 1 t00116.jpg 

2018.06.13 21:22:55 EDT INFO  objectsdetection.Producer 87 watchAndLoadImageDirectory - Putting New ENTRY_CREATE 1 t00117.jpg 

2018.06.13 21:22:55 EDT INFO  objectsdetection.Producer 87 watchAndLoadImageDirectory - Putting New ENTRY_CREATE 1 t00118.jpg 

2018.06.13 21:22:55 EDT INFO  objectsdetection.Producer 87 watchAndLoadImageDirectory - Putting New ENTRY_CREATE 1 t00119.jpg 

2018.06.13 21:22:55 EDT INFO  objectsdetection.Producer 87 watchAndLoadImageDirectory - Putting New ENTRY_CREATE 1 t00120.jpg 

2018.06.13 21:22:55 EDT INFO  objectsdetection.Producer 87 watchAndLoadImageDirectory - Putting New ENTRY_CREATE 1 t00121.jpg 

2018.06.13 21:22:55 EDT INFO  objectsdetection.Producer 87 watchAndLoadImageDirectory - Putting New ENTRY_CREATE 1 t00122.jpg 

2018.06.13 21:22:55 EDT INFO  objectsdetection.Producer 87 watchAndLoadImageDirectory - Putting New ENTRY_CREATE 1 t00123.jpg 

2018.06.13 21:22:55 EDT INFO  objectsdetection.Producer 87 watchAndLoadImageDirectory - Putting New ENTRY_CREATE 1 t00124.jpg 

2018.06.13 21:22:55 EDT INFO  objectsdetection.Producer 87 watchAndLoadImageDirectory - Putting New ENTRY_CREATE 1 t00125.jpg 

2018.06.13 21:22:55 EDT INFO  objectsdetection.Producer 87 watchAndLoadImageDirectory - Putting New ENTRY_CREATE 1 t00126.jpg 

2018.06.13 21:22:55 EDT INFO  objectsdetection.Producer 87 watchAndLoadImageDirectory - Putting New ENTRY_CREATE 1 t00127.jpg 

2018.06.13 21:22:56 EDT INFO  objectsdetection.Producer 87 watchAndLoadImageDirectory - Putting New ENTRY_CREATE 1 t00128.jpg 

2018.06.13 21:22:56 EDT INFO  objectsdetection.Producer 87 watchAndLoadImageDirectory - Putting New ENTRY_CREATE 1 t00129.jpg 

2018.06.13 21:22:56 EDT INFO  objectsdetection.Producer 87 watchAndLoadImageDirectory - Putting New ENTRY_CREATE 1 t00130.jpg 

2018.06.13 21:22:56 EDT INFO  objectsdetection.Producer 87 watchAndLoadImageDirectory - Putting New ENTRY_CREATE 1 t00131.jpg 

2018.06.13 21:22:56 EDT INFO  objectsdetection.Producer 87 watchAndLoadImageDirectory - Putting New ENTRY_CREATE 1 t00132.jpg 

2018.06.13 21:22:56 EDT INFO  objectsdetection.Producer 87 watchAndLoadImageDirectory - Putting New ENTRY_CREATE 1 t00133.jpg 

2018.06.13 21:22:56 EDT INFO  objectsdetection.Producer 87 watchAndLoadImageDirectory - Putting New ENTRY_CREATE 1 t00134.jpg 

2018.06.13 21:22:56 EDT INFO  objectsdetection.Producer 87 watchAndLoadImageDirectory - Putting New ENTRY_CREATE 1 t00135.jpg 

2018.06.13 21:22:56 EDT INFO  objectsdetection.Producer 87 watchAndLoadImageDirectory - Putting New ENTRY_CREATE 1 t00136.jpg 

2018.06.13 21:22:56 EDT INFO  objectsdetection.Producer 87 watchAndLoadImageDirectory - Putting New ENTRY_CREATE 1 t00137.jpg 

2018.06.13 21:22:56 EDT INFO  objectsdetection.Producer 87 watchAndLoadImageDirectory - Putting New ENTRY_CREATE 1 t00138.jpg 

2018.06.13 21:22:56 EDT INFO  objectsdetection.Producer 87 watchAndLoadImageDirectory - Putting New ENTRY_CREATE 1 t00139.jpg 

2018.06.13 21:22:56 EDT INFO  objectsdetection.Producer 87 watchAndLoadImageDirectory - Putting New ENTRY_CREATE 1 t00140.jpg 

2018.06.13 21:22:56 EDT INFO  objectsdetection.Producer 87 watchAndLoadImageDirectory - Putting New ENTRY_CREATE 1 t00141.jpg 

2018.06.13 21:22:56 EDT INFO  objectsdetection.Producer 87 watchAndLoadImageDirectory - Putting New ENTRY_CREATE 1 t00142.jpg 

2018.06.13 21:22:56 EDT INFO  objectsdetection.Producer 87 watchAndLoadImageDirectory - Putting New ENTRY_CREATE 1 t00143.jpg 

2018.06.13 21:22:56 EDT INFO  objectsdetection.Producer 87 watchAndLoadImageDirectory - Putting New ENTRY_CREATE 1 t00144.jpg 

2018.06.13 21:22:56 EDT INFO  objectsdetection.Producer 87 watchAndLoadImageDirectory - Putting New ENTRY_CREATE 1 t00145.jpg 

2018.06.13 21:22:56 EDT INFO  objectsdetection.Producer 87 watchAndLoadImageDirectory - Putting New ENTRY_CREATE 1 t00146.jpg 

2018.06.13 21:22:56 EDT INFO  objectsdetection.Producer 87 watchAndLoadImageDirectory - Putting New ENTRY_CREATE 1 t00147.jpg 

2018.06.13 21:22:56 EDT INFO  objectsdetection.Producer 87 watchAndLoadImageDirectory - Putting New ENTRY_CREATE 1 t00148.jpg 

2018.06.13 21:22:56 EDT INFO  objectsdetection.Producer 87 watchAndLoadImageDirectory - Putting New ENTRY_CREATE 1 t00149.jpg 

2018.06.13 21:22:56 EDT INFO  objectsdetection.Producer 87 watchAndLoadImageDirectory - Putting New ENTRY_CREATE 1 t00150.jpg 

2018.06.13 21:22:56 EDT INFO  objectsdetection.Producer 87 watchAndLoadImageDirectory - Putting New ENTRY_CREATE 1 t00151.jpg 

2018.06.13 21:22:56 EDT INFO  objectsdetection.Producer 87 watchAndLoadImageDirectory - Putting New ENTRY_CREATE 1 t00152.jpg 

2018.06.13 21:22:57 EDT INFO  objectsdetection.Producer 87 watchAndLoadImageDirectory - Putting New ENTRY_CREATE 1 t00153.jpg 

2018.06.13 21:22:57 EDT INFO  objectsdetection.Producer 87 watchAndLoadImageDirectory - Putting New ENTRY_CREATE 1 t00154.jpg 

2018.06.13 21:22:57 EDT INFO  objectsdetection.Producer 87 watchAndLoadImageDirectory - Putting New ENTRY_CREATE 1 t00155.jpg 

2018.06.13 21:22:57 EDT INFO  objectsdetection.Producer 87 watchAndLoadImageDirectory - Putting New ENTRY_CREATE 1 t00156.jpg 

2018.06.13 21:22:57 EDT INFO  objectsdetection.Producer 87 watchAndLoadImageDirectory - Putting New ENTRY_CREATE 1 t00157.jpg 

2018.06.13 21:22:57 EDT INFO  objectsdetection.Producer 87 watchAndLoadImageDirectory - Putting New ENTRY_CREATE 1 t00158.jpg 

2018.06.13 21:22:57 EDT INFO  objectsdetection.Producer 87 watchAndLoadImageDirectory - Putting New ENTRY_CREATE 1 t00159.jpg 

2018.06.13 21:22:57 EDT INFO  objectsdetection.Producer 87 watchAndLoadImageDirectory - Putting New ENTRY_CREATE 1 t00160.jpg 

2018.06.13 21:22:57 EDT INFO  objectsdetection.Producer 87 watchAndLoadImageDirectory - Putting New ENTRY_CREATE 1 t00161.jpg 

2018.06.13 21:22:57 EDT INFO  objectsdetection.Producer 87 watchAndLoadImageDirectory - Putting New ENTRY_CREATE 1 t00162.jpg 

2018.06.13 21:22:57 EDT INFO  objectsdetection.Producer 87 watchAndLoadImageDirectory - Putting New ENTRY_CREATE 1 t00163.jpg 

2018.06.13 21:22:57 EDT INFO  objectsdetection.Producer 87 watchAndLoadImageDirectory - Putting New ENTRY_CREATE 1 t00164.jpg 

2018.06.13 21:22:57 EDT INFO  objectsdetection.Producer 87 watchAndLoadImageDirectory - Putting New ENTRY_CREATE 1 t00165.jpg 

2018.06.13 21:22:57 EDT INFO  objectsdetection.Producer 87 watchAndLoadImageDirectory - Putting New ENTRY_CREATE 1 t00166.jpg 

2018.06.13 21:22:57 EDT INFO  objectsdetection.Producer 87 watchAndLoadImageDirectory - Putting New ENTRY_CREATE 1 t00167.jpg 

2018.06.13 21:22:57 EDT INFO  objectsdetection.Producer 87 watchAndLoadImageDirectory - Putting New ENTRY_CREATE 1 t00168.jpg 

2018.06.13 21:22:57 EDT INFO  objectsdetection.Producer 87 watchAndLoadImageDirectory - Putting New ENTRY_CREATE 1 t00169.jpg 

2018.06.13 21:22:57 EDT INFO  objectsdetection.Producer 87 watchAndLoadImageDirectory - Putting New ENTRY_CREATE 1 t00170.jpg 

2018.06.13 21:22:57 EDT INFO  objectsdetection.Producer 87 watchAndLoadImageDirectory - Putting New ENTRY_CREATE 1 t00171.jpg 

2018.06.13 21:22:57 EDT INFO  objectsdetection.Producer 87 watchAndLoadImageDirectory - Putting New ENTRY_CREATE 1 t00172.jpg 

2018.06.13 21:22:57 EDT INFO  objectsdetection.Producer 87 watchAndLoadImageDirectory - Putting New ENTRY_CREATE 1 t00173.jpg 

2018.06.13 21:22:57 EDT INFO  objectsdetection.Producer 87 watchAndLoadImageDirectory - Putting New ENTRY_CREATE 1 t00174.jpg 

2018.06.13 21:22:57 EDT INFO  objectsdetection.Producer 87 watchAndLoadImageDirectory - Putting New ENTRY_CREATE 1 t00175.jpg 

2018.06.13 21:22:57 EDT INFO  objectsdetection.Producer 87 watchAndLoadImageDirectory - Putting New ENTRY_CREATE 1 t00176.jpg 

2018.06.13 21:22:57 EDT INFO  objectsdetection.Producer 87 watchAndLoadImageDirectory - Putting New ENTRY_CREATE 1 t00177.jpg 

2018.06.13 21:22:57 EDT INFO  objectsdetection.Producer 87 watchAndLoadImageDirectory - Putting New ENTRY_CREATE 1 t00178.jpg 

2018.06.13 21:22:58 EDT INFO  objectsdetection.Producer 87 watchAndLoadImageDirectory - Putting New ENTRY_CREATE 1 t00179.jpg 

2018.06.13 21:22:58 EDT INFO  objectsdetection.Producer 87 watchAndLoadImageDirectory - Putting New ENTRY_CREATE 1 t00180.jpg 

2018.06.13 21:22:58 EDT INFO  objectsdetection.Producer 87 watchAndLoadImageDirectory - Putting New ENTRY_CREATE 1 t00181.jpg 

2018.06.13 21:22:58 EDT INFO  objectsdetection.Producer 87 watchAndLoadImageDirectory - Putting New ENTRY_CREATE 1 t00182.jpg 

2018.06.13 21:22:58 EDT INFO  objectsdetection.Producer 87 watchAndLoadImageDirectory - Putting New ENTRY_CREATE 1 t00183.jpg 

2018.06.13 21:22:58 EDT INFO  objectsdetection.Producer 87 watchAndLoadImageDirectory - Putting New ENTRY_CREATE 1 t00184.jpg 

2018.06.13 21:22:58 EDT INFO  objectsdetection.helpers.Helper 104 deleteImage - Helper Deleting C:\Users\wenbo\Desktop\videostreaming\t00015.jpg
2018.06.13 21:22:58 EDT INFO  objectsdetection.Producer 87 watchAndLoadImageDirectory - Putting New ENTRY_CREATE 1 t00185.jpg 

2018.06.13 21:22:58 EDT INFO  objectsdetection.helpers.Helper 104 deleteImage - Helper Deleting C:\Users\wenbo\Desktop\videostreaming\t00049.jpg
2018.06.13 21:22:58 EDT INFO  objectsdetection.helpers.Helper 104 deleteImage - Helper Deleting C:\Users\wenbo\Desktop\videostreaming\t00073.jpg
2018.06.13 21:22:58 EDT INFO  objectsdetection.helpers.Helper 104 deleteImage - Helper Deleting C:\Users\wenbo\Desktop\videostreaming\t00078.jpg
2018.06.13 21:22:58 EDT INFO  objectsdetection.helpers.Helper 104 deleteImage - Helper Deleting C:\Users\wenbo\Desktop\videostreaming\t00023.jpg
2018.06.13 21:22:58 EDT INFO  objectsdetection.Consumer 102 run - StartIndex 0, EndIndex 18, RandomIndex 6 (File Name C:\Users\wenbo\Desktop\videostreaming\t00098.jpg), ListSize 94, eachPart 18 

2018.06.13 21:22:58 EDT INFO  objectsdetection.Consumer 102 run - StartIndex 18, EndIndex 36, RandomIndex 32 (File Name C:\Users\wenbo\Desktop\videostreaming\t00124.jpg), ListSize 94, eachPart 18 

2018.06.13 21:22:58 EDT INFO  objectsdetection.Consumer 102 run - StartIndex 36, EndIndex 54, RandomIndex 43 (File Name C:\Users\wenbo\Desktop\videostreaming\t00135.jpg), ListSize 94, eachPart 18 

2018.06.13 21:22:58 EDT INFO  objectsdetection.Consumer 102 run - StartIndex 54, EndIndex 72, RandomIndex 65 (File Name C:\Users\wenbo\Desktop\videostreaming\t00157.jpg), ListSize 94, eachPart 18 

2018.06.13 21:22:58 EDT INFO  objectsdetection.Consumer 102 run - StartIndex 72, EndIndex 90, RandomIndex 82 (File Name C:\Users\wenbo\Desktop\videostreaming\t00174.jpg), ListSize 94, eachPart 18 

2018.06.13 21:22:58 EDT INFO  objectsdetection.Consumer 113 run - Cleaning List from 0 to 90 

2018.06.13 21:22:58 EDT INFO  objectsdetection.Consumer$1 134 deleteImage - Consumer Deleting C:\Users\wenbo\Desktop\videostreaming\t00092.jpg
2018.06.13 21:22:58 EDT INFO  objectsdetection.Producer 87 watchAndLoadImageDirectory - Putting New ENTRY_CREATE 1 t00186.jpg 

2018.06.13 21:22:58 EDT INFO  objectsdetection.Consumer$1 134 deleteImage - Consumer Deleting C:\Users\wenbo\Desktop\videostreaming\t00093.jpg
2018.06.13 21:22:58 EDT INFO  objectsdetection.processors.WatsonProcessor 59 classifyAnImage - Faking : Classifying C:\Users\wenbo\Desktop\videostreaming\t00098.jpg on Thread pool-6-thread-1 

2018.06.13 21:22:58 EDT INFO  objectsdetection.Consumer$1 134 deleteImage - Consumer Deleting C:\Users\wenbo\Desktop\videostreaming\t00094.jpg
2018.06.13 21:22:58 EDT INFO  objectsdetection.processors.WatsonProcessor 59 classifyAnImage - Faking : Classifying C:\Users\wenbo\Desktop\videostreaming\t00135.jpg on Thread pool-6-thread-5 

2018.06.13 21:22:58 EDT INFO  objectsdetection.Consumer$1 134 deleteImage - Consumer Deleting C:\Users\wenbo\Desktop\videostreaming\t00095.jpg
2018.06.13 21:22:58 EDT INFO  objectsdetection.Consumer$1 134 deleteImage - Consumer Deleting C:\Users\wenbo\Desktop\videostreaming\t00096.jpg
2018.06.13 21:22:58 EDT INFO  objectsdetection.Consumer$1 134 deleteImage - Consumer Deleting C:\Users\wenbo\Desktop\videostreaming\t00097.jpg
2018.06.13 21:22:58 EDT INFO  objectsdetection.processors.WatsonProcessor 59 classifyAnImage - Faking : Classifying C:\Users\wenbo\Desktop\videostreaming\t00157.jpg on Thread pool-6-thread-4 

2018.06.13 21:22:58 EDT INFO  objectsdetection.Consumer$1 134 deleteImage - Consumer Deleting C:\Users\wenbo\Desktop\videostreaming\t00099.jpg
2018.06.13 21:22:58 EDT INFO  objectsdetection.Consumer$1 134 deleteImage - Consumer Deleting C:\Users\wenbo\Desktop\videostreaming\t00100.jpg
2018.06.13 21:22:58 EDT INFO  objectsdetection.Consumer$1 134 deleteImage - Consumer Deleting C:\Users\wenbo\Desktop\videostreaming\t00101.jpg
2018.06.13 21:22:58 EDT INFO  objectsdetection.processors.WatsonProcessor 59 classifyAnImage - Faking : Classifying C:\Users\wenbo\Desktop\videostreaming\t00124.jpg on Thread pool-6-thread-3 

2018.06.13 21:22:58 EDT INFO  objectsdetection.Consumer$1 134 deleteImage - Consumer Deleting C:\Users\wenbo\Desktop\videostreaming\t00102.jpg
2018.06.13 21:22:58 EDT INFO  objectsdetection.Consumer$1 134 deleteImage - Consumer Deleting C:\Users\wenbo\Desktop\videostreaming\t00103.jpg
2018.06.13 21:22:58 EDT INFO  objectsdetection.Consumer$1 134 deleteImage - Consumer Deleting C:\Users\wenbo\Desktop\videostreaming\t00104.jpg
2018.06.13 21:22:58 EDT INFO  objectsdetection.Consumer$1 134 deleteImage - Consumer Deleting C:\Users\wenbo\Desktop\videostreaming\t00105.jpg
2018.06.13 21:22:58 EDT INFO  objectsdetection.processors.WatsonProcessor 59 classifyAnImage - Faking : Classifying C:\Users\wenbo\Desktop\videostreaming\t00174.jpg on Thread pool-6-thread-2 

2018.06.13 21:22:58 EDT INFO  objectsdetection.Consumer$1 134 deleteImage - Consumer Deleting C:\Users\wenbo\Desktop\videostreaming\t00106.jpg
2018.06.13 21:22:58 EDT INFO  objectsdetection.Consumer$1 134 deleteImage - Consumer Deleting C:\Users\wenbo\Desktop\videostreaming\t00107.jpg
2018.06.13 21:22:58 EDT INFO  objectsdetection.Consumer$1 134 deleteImage - Consumer Deleting C:\Users\wenbo\Desktop\videostreaming\t00108.jpg
2018.06.13 21:22:58 EDT INFO  objectsdetection.Consumer$1 134 deleteImage - Consumer Deleting C:\Users\wenbo\Desktop\videostreaming\t00109.jpg
2018.06.13 21:22:58 EDT INFO  objectsdetection.Consumer$1 134 deleteImage - Consumer Deleting C:\Users\wenbo\Desktop\videostreaming\t00110.jpg
2018.06.13 21:22:58 EDT INFO  objectsdetection.Consumer$1 134 deleteImage - Consumer Deleting C:\Users\wenbo\Desktop\videostreaming\t00111.jpg
2018.06.13 21:22:58 EDT INFO  objectsdetection.Consumer$1 134 deleteImage - Consumer Deleting C:\Users\wenbo\Desktop\videostreaming\t00112.jpg
2018.06.13 21:22:58 EDT INFO  objectsdetection.Producer 87 watchAndLoadImageDirectory - Putting New ENTRY_CREATE 1 t00187.jpg 

2018.06.13 21:22:58 EDT INFO  objectsdetection.Consumer$1 134 deleteImage - Consumer Deleting C:\Users\wenbo\Desktop\videostreaming\t00113.jpg
2018.06.13 21:22:58 EDT INFO  objectsdetection.Consumer$1 134 deleteImage - Consumer Deleting C:\Users\wenbo\Desktop\videostreaming\t00114.jpg
2018.06.13 21:22:58 EDT INFO  objectsdetection.Consumer$1 134 deleteImage - Consumer Deleting C:\Users\wenbo\Desktop\videostreaming\t00115.jpg
2018.06.13 21:22:58 EDT INFO  objectsdetection.Consumer$1 134 deleteImage - Consumer Deleting C:\Users\wenbo\Desktop\videostreaming\t00116.jpg
2018.06.13 21:22:58 EDT INFO  objectsdetection.Consumer$1 134 deleteImage - Consumer Deleting C:\Users\wenbo\Desktop\videostreaming\t00117.jpg
2018.06.13 21:22:58 EDT INFO  objectsdetection.Consumer$1 134 deleteImage - Consumer Deleting C:\Users\wenbo\Desktop\videostreaming\t00118.jpg
2018.06.13 21:22:58 EDT INFO  objectsdetection.Consumer$1 134 deleteImage - Consumer Deleting C:\Users\wenbo\Desktop\videostreaming\t00119.jpg
2018.06.13 21:22:58 EDT INFO  objectsdetection.Consumer$1 134 deleteImage - Consumer Deleting C:\Users\wenbo\Desktop\videostreaming\t00120.jpg
2018.06.13 21:22:58 EDT INFO  objectsdetection.Consumer$1 134 deleteImage - Consumer Deleting C:\Users\wenbo\Desktop\videostreaming\t00121.jpg
2018.06.13 21:22:58 EDT INFO  objectsdetection.Consumer$1 134 deleteImage - Consumer Deleting C:\Users\wenbo\Desktop\videostreaming\t00122.jpg
2018.06.13 21:22:58 EDT INFO  objectsdetection.Consumer$1 134 deleteImage - Consumer Deleting C:\Users\wenbo\Desktop\videostreaming\t00123.jpg
2018.06.13 21:22:58 EDT INFO  objectsdetection.Consumer$1 134 deleteImage - Consumer Deleting C:\Users\wenbo\Desktop\videostreaming\t00125.jpg
2018.06.13 21:22:58 EDT INFO  objectsdetection.Consumer$1 134 deleteImage - Consumer Deleting C:\Users\wenbo\Desktop\videostreaming\t00126.jpg
2018.06.13 21:22:58 EDT INFO  objectsdetection.Consumer$1 134 deleteImage - Consumer Deleting C:\Users\wenbo\Desktop\videostreaming\t00127.jpg
2018.06.13 21:22:58 EDT INFO  objectsdetection.Consumer$1 134 deleteImage - Consumer Deleting C:\Users\wenbo\Desktop\videostreaming\t00128.jpg
2018.06.13 21:22:58 EDT INFO  objectsdetection.Consumer$1 134 deleteImage - Consumer Deleting C:\Users\wenbo\Desktop\videostreaming\t00129.jpg
2018.06.13 21:22:58 EDT INFO  objectsdetection.Consumer$1 134 deleteImage - Consumer Deleting C:\Users\wenbo\Desktop\videostreaming\t00130.jpg
2018.06.13 21:22:58 EDT INFO  objectsdetection.Consumer$1 134 deleteImage - Consumer Deleting C:\Users\wenbo\Desktop\videostreaming\t00131.jpg
2018.06.13 21:22:58 EDT INFO  objectsdetection.Consumer$1 134 deleteImage - Consumer Deleting C:\Users\wenbo\Desktop\videostreaming\t00132.jpg
2018.06.13 21:22:58 EDT INFO  objectsdetection.Consumer$1 134 deleteImage - Consumer Deleting C:\Users\wenbo\Desktop\videostreaming\t00133.jpg
2018.06.13 21:22:58 EDT INFO  objectsdetection.Consumer$1 134 deleteImage - Consumer Deleting C:\Users\wenbo\Desktop\videostreaming\t00134.jpg
2018.06.13 21:22:58 EDT INFO  objectsdetection.Consumer$1 134 deleteImage - Consumer Deleting C:\Users\wenbo\Desktop\videostreaming\t00136.jpg
2018.06.13 21:22:58 EDT INFO  objectsdetection.Consumer$1 134 deleteImage - Consumer Deleting C:\Users\wenbo\Desktop\videostreaming\t00137.jpg
2018.06.13 21:22:58 EDT INFO  objectsdetection.Consumer$1 134 deleteImage - Consumer Deleting C:\Users\wenbo\Desktop\videostreaming\t00138.jpg
2018.06.13 21:22:58 EDT INFO  objectsdetection.Consumer$1 134 deleteImage - Consumer Deleting C:\Users\wenbo\Desktop\videostreaming\t00139.jpg
2018.06.13 21:22:58 EDT INFO  objectsdetection.Consumer$1 134 deleteImage - Consumer Deleting C:\Users\wenbo\Desktop\videostreaming\t00140.jpg
2018.06.13 21:22:58 EDT INFO  objectsdetection.Consumer$1 134 deleteImage - Consumer Deleting C:\Users\wenbo\Desktop\videostreaming\t00141.jpg
2018.06.13 21:22:58 EDT INFO  objectsdetection.Consumer$1 134 deleteImage - Consumer Deleting C:\Users\wenbo\Desktop\videostreaming\t00142.jpg
2018.06.13 21:22:58 EDT INFO  objectsdetection.Consumer$1 134 deleteImage - Consumer Deleting C:\Users\wenbo\Desktop\videostreaming\t00143.jpg
2018.06.13 21:22:58 EDT INFO  objectsdetection.Consumer$1 134 deleteImage - Consumer Deleting C:\Users\wenbo\Desktop\videostreaming\t00144.jpg
2018.06.13 21:22:58 EDT INFO  objectsdetection.Consumer$1 134 deleteImage - Consumer Deleting C:\Users\wenbo\Desktop\videostreaming\t00145.jpg
2018.06.13 21:22:58 EDT INFO  objectsdetection.Producer 87 watchAndLoadImageDirectory - Putting New ENTRY_CREATE 1 t00188.jpg 

2018.06.13 21:22:58 EDT INFO  objectsdetection.Consumer$1 134 deleteImage - Consumer Deleting C:\Users\wenbo\Desktop\videostreaming\t00146.jpg
2018.06.13 21:22:58 EDT INFO  objectsdetection.Consumer$1 134 deleteImage - Consumer Deleting C:\Users\wenbo\Desktop\videostreaming\t00147.jpg
2018.06.13 21:22:58 EDT INFO  objectsdetection.Consumer$1 134 deleteImage - Consumer Deleting C:\Users\wenbo\Desktop\videostreaming\t00148.jpg
2018.06.13 21:22:58 EDT INFO  objectsdetection.Consumer$1 134 deleteImage - Consumer Deleting C:\Users\wenbo\Desktop\videostreaming\t00149.jpg
2018.06.13 21:22:58 EDT INFO  objectsdetection.Consumer$1 134 deleteImage - Consumer Deleting C:\Users\wenbo\Desktop\videostreaming\t00150.jpg
2018.06.13 21:22:58 EDT INFO  objectsdetection.Consumer$1 134 deleteImage - Consumer Deleting C:\Users\wenbo\Desktop\videostreaming\t00151.jpg
2018.06.13 21:22:58 EDT INFO  objectsdetection.Consumer$1 134 deleteImage - Consumer Deleting C:\Users\wenbo\Desktop\videostreaming\t00152.jpg
2018.06.13 21:22:58 EDT INFO  objectsdetection.Producer 87 watchAndLoadImageDirectory - Putting New ENTRY_CREATE 1 t00189.jpg 

2018.06.13 21:22:58 EDT INFO  objectsdetection.Consumer$1 134 deleteImage - Consumer Deleting C:\Users\wenbo\Desktop\videostreaming\t00153.jpg
2018.06.13 21:22:58 EDT INFO  objectsdetection.Consumer$1 134 deleteImage - Consumer Deleting C:\Users\wenbo\Desktop\videostreaming\t00154.jpg
2018.06.13 21:22:58 EDT INFO  objectsdetection.Consumer$1 134 deleteImage - Consumer Deleting C:\Users\wenbo\Desktop\videostreaming\t00155.jpg
2018.06.13 21:22:58 EDT INFO  objectsdetection.Consumer$1 134 deleteImage - Consumer Deleting C:\Users\wenbo\Desktop\videostreaming\t00156.jpg
2018.06.13 21:22:58 EDT INFO  objectsdetection.Consumer$1 134 deleteImage - Consumer Deleting C:\Users\wenbo\Desktop\videostreaming\t00158.jpg
2018.06.13 21:22:58 EDT INFO  objectsdetection.Consumer$1 134 deleteImage - Consumer Deleting C:\Users\wenbo\Desktop\videostreaming\t00159.jpg
2018.06.13 21:22:58 EDT INFO  objectsdetection.Consumer$1 134 deleteImage - Consumer Deleting C:\Users\wenbo\Desktop\videostreaming\t00160.jpg
2018.06.13 21:22:58 EDT INFO  objectsdetection.Consumer$1 134 deleteImage - Consumer Deleting C:\Users\wenbo\Desktop\videostreaming\t00161.jpg
2018.06.13 21:22:58 EDT INFO  objectsdetection.Consumer$1 134 deleteImage - Consumer Deleting C:\Users\wenbo\Desktop\videostreaming\t00162.jpg
2018.06.13 21:22:58 EDT INFO  objectsdetection.Consumer$1 134 deleteImage - Consumer Deleting C:\Users\wenbo\Desktop\videostreaming\t00163.jpg
2018.06.13 21:22:58 EDT INFO  objectsdetection.Consumer$1 134 deleteImage - Consumer Deleting C:\Users\wenbo\Desktop\videostreaming\t00164.jpg
2018.06.13 21:22:58 EDT INFO  objectsdetection.Consumer$1 134 deleteImage - Consumer Deleting C:\Users\wenbo\Desktop\videostreaming\t00165.jpg
2018.06.13 21:22:58 EDT INFO  objectsdetection.Consumer$1 134 deleteImage - Consumer Deleting C:\Users\wenbo\Desktop\videostreaming\t00166.jpg
2018.06.13 21:22:58 EDT INFO  objectsdetection.Consumer$1 134 deleteImage - Consumer Deleting C:\Users\wenbo\Desktop\videostreaming\t00167.jpg
2018.06.13 21:22:58 EDT INFO  objectsdetection.Producer 87 watchAndLoadImageDirectory - Putting New ENTRY_CREATE 1 t00190.jpg 

2018.06.13 21:22:58 EDT INFO  objectsdetection.Consumer$1 134 deleteImage - Consumer Deleting C:\Users\wenbo\Desktop\videostreaming\t00168.jpg
2018.06.13 21:22:58 EDT INFO  objectsdetection.Consumer$1 134 deleteImage - Consumer Deleting C:\Users\wenbo\Desktop\videostreaming\t00169.jpg
2018.06.13 21:22:58 EDT INFO  objectsdetection.Consumer$1 134 deleteImage - Consumer Deleting C:\Users\wenbo\Desktop\videostreaming\t00170.jpg
2018.06.13 21:22:58 EDT INFO  objectsdetection.Consumer$1 134 deleteImage - Consumer Deleting C:\Users\wenbo\Desktop\videostreaming\t00171.jpg
2018.06.13 21:22:58 EDT INFO  objectsdetection.Consumer$1 134 deleteImage - Consumer Deleting C:\Users\wenbo\Desktop\videostreaming\t00172.jpg
2018.06.13 21:22:58 EDT INFO  objectsdetection.Consumer$1 134 deleteImage - Consumer Deleting C:\Users\wenbo\Desktop\videostreaming\t00173.jpg
2018.06.13 21:22:58 EDT INFO  objectsdetection.Producer 87 watchAndLoadImageDirectory - Putting New ENTRY_CREATE 1 t00191.jpg 

2018.06.13 21:22:58 EDT INFO  objectsdetection.Consumer$1 134 deleteImage - Consumer Deleting C:\Users\wenbo\Desktop\videostreaming\t00175.jpg
2018.06.13 21:22:58 EDT INFO  objectsdetection.Consumer$1 134 deleteImage - Consumer Deleting C:\Users\wenbo\Desktop\videostreaming\t00176.jpg
2018.06.13 21:22:58 EDT INFO  objectsdetection.Consumer$1 134 deleteImage - Consumer Deleting C:\Users\wenbo\Desktop\videostreaming\t00177.jpg
2018.06.13 21:22:58 EDT INFO  objectsdetection.Consumer$1 134 deleteImage - Consumer Deleting C:\Users\wenbo\Desktop\videostreaming\t00178.jpg
2018.06.13 21:22:58 EDT INFO  objectsdetection.Consumer$1 134 deleteImage - Consumer Deleting C:\Users\wenbo\Desktop\videostreaming\t00179.jpg
2018.06.13 21:22:58 EDT INFO  objectsdetection.Consumer$1 134 deleteImage - Consumer Deleting C:\Users\wenbo\Desktop\videostreaming\t00180.jpg
2018.06.13 21:22:58 EDT INFO  objectsdetection.Consumer$1 134 deleteImage - Consumer Deleting C:\Users\wenbo\Desktop\videostreaming\t00181.jpg
2018.06.13 21:22:58 EDT INFO  objectsdetection.Consumer$1 134 deleteImage - Consumer Deleting C:\Users\wenbo\Desktop\videostreaming\t00182.jpg
2018.06.13 21:22:58 EDT INFO  objectsdetection.Consumer$1 134 deleteImage - Consumer Deleting C:\Users\wenbo\Desktop\videostreaming\t00183.jpg
2018.06.13 21:22:58 EDT INFO  objectsdetection.Consumer$1 134 deleteImage - Consumer Deleting C:\Users\wenbo\Desktop\videostreaming\t00184.jpg
2018.06.13 21:22:58 EDT INFO  objectsdetection.Consumer$1 134 deleteImage - Consumer Deleting C:\Users\wenbo\Desktop\videostreaming\t00185.jpg
2018.06.13 21:22:58 EDT INFO  objectsdetection.Producer 87 watchAndLoadImageDirectory - Putting New ENTRY_CREATE 1 t00192.jpg 

2018.06.13 21:22:58 EDT INFO  objectsdetection.Producer 87 watchAndLoadImageDirectory - Putting New ENTRY_CREATE 1 t00193.jpg 

2018.06.13 21:22:58 EDT INFO  objectsdetection.Producer 87 watchAndLoadImageDirectory - Putting New ENTRY_CREATE 1 t00194.jpg 

2018.06.13 21:22:58 EDT INFO  objectsdetection.Producer 87 watchAndLoadImageDirectory - Putting New ENTRY_CREATE 1 t00195.jpg 

2018.06.13 21:22:58 EDT INFO  objectsdetection.Producer 87 watchAndLoadImageDirectory - Putting New ENTRY_CREATE 1 t00196.jpg 

2018.06.13 21:22:58 EDT INFO  objectsdetection.Producer 87 watchAndLoadImageDirectory - Putting New ENTRY_CREATE 1 t00197.jpg 

2018.06.13 21:22:58 EDT INFO  objectsdetection.Producer 87 watchAndLoadImageDirectory - Putting New ENTRY_CREATE 1 t00198.jpg 

2018.06.13 21:22:58 EDT INFO  objectsdetection.Producer 87 watchAndLoadImageDirectory - Putting New ENTRY_CREATE 1 t00199.jpg 

2018.06.13 21:22:58 EDT INFO  objectsdetection.Producer 87 watchAndLoadImageDirectory - Putting New ENTRY_CREATE 1 t00200.jpg 

2018.06.13 21:22:58 EDT INFO  objectsdetection.Producer 87 watchAndLoadImageDirectory - Putting New ENTRY_CREATE 1 t00201.jpg 

2018.06.13 21:22:58 EDT INFO  objectsdetection.Producer 87 watchAndLoadImageDirectory - Putting New ENTRY_CREATE 1 t00202.jpg 

2018.06.13 21:22:58 EDT INFO  objectsdetection.Producer 87 watchAndLoadImageDirectory - Putting New ENTRY_CREATE 1 t00203.jpg 

2018.06.13 21:22:59 EDT INFO  objectsdetection.Producer 87 watchAndLoadImageDirectory - Putting New ENTRY_CREATE 1 t00204.jpg 

2018.06.13 21:22:59 EDT INFO  objectsdetection.Producer 87 watchAndLoadImageDirectory - Putting New ENTRY_CREATE 1 t00205.jpg 

2018.06.13 21:22:59 EDT INFO  objectsdetection.Producer 87 watchAndLoadImageDirectory - Putting New ENTRY_CREATE 1 t00206.jpg 

2018.06.13 21:22:59 EDT INFO  objectsdetection.Producer 87 watchAndLoadImageDirectory - Putting New ENTRY_CREATE 1 t00207.jpg 

2018.06.13 21:22:59 EDT INFO  objectsdetection.Producer 87 watchAndLoadImageDirectory - Putting New ENTRY_CREATE 1 t00208.jpg 

2018.06.13 21:22:59 EDT INFO  objectsdetection.Producer 87 watchAndLoadImageDirectory - Putting New ENTRY_CREATE 1 t00209.jpg 

2018.06.13 21:22:59 EDT INFO  objectsdetection.Producer 87 watchAndLoadImageDirectory - Putting New ENTRY_CREATE 1 t00210.jpg 

2018.06.13 21:22:59 EDT INFO  objectsdetection.Producer 87 watchAndLoadImageDirectory - Putting New ENTRY_CREATE 1 t00211.jpg 

2018.06.13 21:22:59 EDT INFO  objectsdetection.Producer 87 watchAndLoadImageDirectory - Putting New ENTRY_CREATE 1 t00212.jpg 

2018.06.13 21:22:59 EDT INFO  objectsdetection.Producer 87 watchAndLoadImageDirectory - Putting New ENTRY_CREATE 1 t00213.jpg 

2018.06.13 21:22:59 EDT INFO  objectsdetection.Producer 87 watchAndLoadImageDirectory - Putting New ENTRY_CREATE 1 t00214.jpg 

2018.06.13 21:22:59 EDT INFO  objectsdetection.Producer 87 watchAndLoadImageDirectory - Putting New ENTRY_CREATE 1 t00215.jpg 

2018.06.13 21:22:59 EDT INFO  objectsdetection.Producer 87 watchAndLoadImageDirectory - Putting New ENTRY_CREATE 1 t00216.jpg 

2018.06.13 21:22:59 EDT INFO  objectsdetection.Producer 87 watchAndLoadImageDirectory - Putting New ENTRY_CREATE 1 t00217.jpg 

2018.06.13 21:22:59 EDT INFO  objectsdetection.Producer 87 watchAndLoadImageDirectory - Putting New ENTRY_CREATE 1 t00218.jpg 

2018.06.13 21:22:59 EDT INFO  objectsdetection.Producer 87 watchAndLoadImageDirectory - Putting New ENTRY_CREATE 1 t00219.jpg 

2018.06.13 21:22:59 EDT INFO  objectsdetection.Producer 87 watchAndLoadImageDirectory - Putting New ENTRY_CREATE 1 t00220.jpg 

2018.06.13 21:22:59 EDT INFO  objectsdetection.Producer 87 watchAndLoadImageDirectory - Putting New ENTRY_CREATE 1 t00221.jpg 

2018.06.13 21:22:59 EDT INFO  objectsdetection.Producer 87 watchAndLoadImageDirectory - Putting New ENTRY_CREATE 1 t00222.jpg 

2018.06.13 21:22:59 EDT INFO  objectsdetection.Producer 87 watchAndLoadImageDirectory - Putting New ENTRY_CREATE 1 t00223.jpg 

2018.06.13 21:22:59 EDT INFO  objectsdetection.Producer 87 watchAndLoadImageDirectory - Putting New ENTRY_CREATE 1 t00224.jpg 

2018.06.13 21:22:59 EDT INFO  objectsdetection.Producer 87 watchAndLoadImageDirectory - Putting New ENTRY_CREATE 1 t00225.jpg 

2018.06.13 21:22:59 EDT INFO  objectsdetection.Producer 87 watchAndLoadImageDirectory - Putting New ENTRY_CREATE 1 t00226.jpg 

2018.06.13 21:22:59 EDT INFO  objectsdetection.Producer 87 watchAndLoadImageDirectory - Putting New ENTRY_CREATE 1 t00227.jpg 

2018.06.13 21:22:59 EDT INFO  objectsdetection.Producer 87 watchAndLoadImageDirectory - Putting New ENTRY_CREATE 1 t00228.jpg 

2018.06.13 21:23:00 EDT INFO  objectsdetection.Producer 87 watchAndLoadImageDirectory - Putting New ENTRY_CREATE 1 t00229.jpg 

2018.06.13 21:23:00 EDT INFO  objectsdetection.Producer 87 watchAndLoadImageDirectory - Putting New ENTRY_CREATE 1 t00230.jpg 

2018.06.13 21:23:00 EDT INFO  objectsdetection.Producer 87 watchAndLoadImageDirectory - Putting New ENTRY_CREATE 1 t00231.jpg 

2018.06.13 21:23:00 EDT INFO  objectsdetection.Producer 87 watchAndLoadImageDirectory - Putting New ENTRY_CREATE 1 t00232.jpg 

2018.06.13 21:23:00 EDT INFO  objectsdetection.Producer 87 watchAndLoadImageDirectory - Putting New ENTRY_CREATE 1 t00233.jpg 

2018.06.13 21:23:00 EDT INFO  objectsdetection.Producer 87 watchAndLoadImageDirectory - Putting New ENTRY_CREATE 1 t00234.jpg 

2018.06.13 21:23:00 EDT INFO  objectsdetection.Producer 87 watchAndLoadImageDirectory - Putting New ENTRY_CREATE 1 t00235.jpg 

2018.06.13 21:23:00 EDT INFO  objectsdetection.Producer 87 watchAndLoadImageDirectory - Putting New ENTRY_CREATE 1 t00236.jpg 

2018.06.13 21:23:00 EDT INFO  objectsdetection.Producer 87 watchAndLoadImageDirectory - Putting New ENTRY_CREATE 1 t00237.jpg 

2018.06.13 21:23:00 EDT INFO  objectsdetection.Producer 87 watchAndLoadImageDirectory - Putting New ENTRY_CREATE 1 t00238.jpg 

2018.06.13 21:23:00 EDT INFO  objectsdetection.Producer 87 watchAndLoadImageDirectory - Putting New ENTRY_CREATE 1 t00239.jpg 

2018.06.13 21:23:00 EDT INFO  objectsdetection.Producer 87 watchAndLoadImageDirectory - Putting New ENTRY_CREATE 1 t00240.jpg 

2018.06.13 21:23:00 EDT INFO  objectsdetection.Producer 87 watchAndLoadImageDirectory - Putting New ENTRY_CREATE 1 t00241.jpg 

2018.06.13 21:23:00 EDT INFO  objectsdetection.Producer 87 watchAndLoadImageDirectory - Putting New ENTRY_CREATE 1 t00242.jpg 

2018.06.13 21:23:00 EDT INFO  objectsdetection.Producer 87 watchAndLoadImageDirectory - Putting New ENTRY_CREATE 1 t00243.jpg 

2018.06.13 21:23:00 EDT INFO  objectsdetection.Producer 87 watchAndLoadImageDirectory - Putting New ENTRY_CREATE 1 t00244.jpg 

2018.06.13 21:23:00 EDT INFO  objectsdetection.Producer 87 watchAndLoadImageDirectory - Putting New ENTRY_CREATE 1 t00245.jpg 

2018.06.13 21:23:00 EDT INFO  objectsdetection.Producer 87 watchAndLoadImageDirectory - Putting New ENTRY_CREATE 1 t00246.jpg 

2018.06.13 21:23:00 EDT INFO  objectsdetection.Producer 87 watchAndLoadImageDirectory - Putting New ENTRY_CREATE 1 t00247.jpg 

2018.06.13 21:23:00 EDT INFO  objectsdetection.Producer 87 watchAndLoadImageDirectory - Putting New ENTRY_CREATE 1 t00248.jpg 

2018.06.13 21:23:00 EDT INFO  objectsdetection.Producer 87 watchAndLoadImageDirectory - Putting New ENTRY_CREATE 1 t00249.jpg 

2018.06.13 21:23:00 EDT INFO  objectsdetection.Producer 87 watchAndLoadImageDirectory - Putting New ENTRY_CREATE 1 t00250.jpg 

2018.06.13 21:23:00 EDT INFO  objectsdetection.Producer 87 watchAndLoadImageDirectory - Putting New ENTRY_CREATE 1 t00251.jpg 

2018.06.13 21:23:00 EDT INFO  objectsdetection.Producer 87 watchAndLoadImageDirectory - Putting New ENTRY_CREATE 1 t00252.jpg 

2018.06.13 21:23:00 EDT INFO  objectsdetection.Producer 87 watchAndLoadImageDirectory - Putting New ENTRY_CREATE 1 t00253.jpg 

2018.06.13 21:23:01 EDT INFO  objectsdetection.Producer 87 watchAndLoadImageDirectory - Putting New ENTRY_CREATE 1 t00254.jpg 

2018.06.13 21:23:01 EDT INFO  objectsdetection.Producer 87 watchAndLoadImageDirectory - Putting New ENTRY_CREATE 1 t00255.jpg 

2018.06.13 21:23:01 EDT INFO  objectsdetection.Producer 87 watchAndLoadImageDirectory - Putting New ENTRY_CREATE 1 t00256.jpg 

2018.06.13 21:23:01 EDT INFO  objectsdetection.Producer 87 watchAndLoadImageDirectory - Putting New ENTRY_CREATE 1 t00257.jpg 

2018.06.13 21:23:01 EDT INFO  objectsdetection.Producer 87 watchAndLoadImageDirectory - Putting New ENTRY_CREATE 1 t00258.jpg 

2018.06.13 21:23:01 EDT INFO  objectsdetection.Producer 87 watchAndLoadImageDirectory - Putting New ENTRY_CREATE 1 t00259.jpg 

2018.06.13 21:23:01 EDT INFO  objectsdetection.Producer 87 watchAndLoadImageDirectory - Putting New ENTRY_CREATE 1 t00260.jpg 

2018.06.13 21:23:01 EDT INFO  objectsdetection.Producer 87 watchAndLoadImageDirectory - Putting New ENTRY_CREATE 1 t00261.jpg 

