2018.06.14 12:42:49 EDT DEBUG objectsdetection.helpers.Helper 127 runSshCommandOnPi - Running pgrep raspivid && pgrep vlc on host 192.168.0.103
2018.06.14 12:42:51 EDT DEBUG objectsdetection.helpers.Helper 136 runSshCommandOnPi - Connected to 192.168.0.103
2018.06.14 12:42:52 EDT DEBUG objectsdetection.helpers.Helper 154 runSshCommandOnPi - SSH Command Status false
2018.06.14 12:42:53 EDT DEBUG objectsdetection.helpers.Helper 151 runSshCommandOnPi - 7750
7751

2018.06.14 12:42:53 EDT DEBUG objectsdetection.helpers.Helper 154 runSshCommandOnPi - SSH Command Status true
2018.06.14 12:42:53 EDT DEBUG objectsdetection.videostreamingsplitting.VideoStreamingAndSplittingWindows 46 generateCommand - C:\Program Files\VideoLAN\VLC\vlc.exe rtsp://192.168.0.103:8554/ --video-filter scene --scene-format jpg --scene-prefix t --scene-path C:\Users\wenbo\Desktop\videostreaming --no-scene-replace --scene-ratio 1
2018.06.14 12:42:54 EDT DEBUG objectsdetection.Producer 87 watchAndLoadImageDirectory - Putting New ENTRY_CREATE 1 test00108.jpg 

2018.06.14 12:42:54 EDT DEBUG objectsdetection.Producer 87 watchAndLoadImageDirectory - Putting New ENTRY_CREATE 1 test01309.jpg 

2018.06.14 12:42:54 EDT DEBUG objectsdetection.Producer 87 watchAndLoadImageDirectory - Putting New ENTRY_CREATE 1 test00900.jpg 

2018.06.14 12:42:54 EDT DEBUG objectsdetection.Producer 87 watchAndLoadImageDirectory - Putting New ENTRY_CREATE 1 test00839.jpg 

2018.06.14 12:42:54 EDT DEBUG objectsdetection.Producer 87 watchAndLoadImageDirectory - Putting New ENTRY_CREATE 1 test00720.jpg 

2018.06.14 12:42:54 EDT DEBUG objectsdetection.Consumer 102 run - StartIndex 0, EndIndex 1, RandomIndex 0 (File Name C:\Users\wenbo\Desktop\videostreaming\test00108.jpg), ListSize 5, eachPart 1 

2018.06.14 12:42:54 EDT DEBUG objectsdetection.Consumer 102 run - StartIndex 1, EndIndex 2, RandomIndex 1 (File Name C:\Users\wenbo\Desktop\videostreaming\test01309.jpg), ListSize 5, eachPart 1 

2018.06.14 12:42:54 EDT DEBUG objectsdetection.Consumer 102 run - StartIndex 2, EndIndex 3, RandomIndex 2 (File Name C:\Users\wenbo\Desktop\videostreaming\test00900.jpg), ListSize 5, eachPart 1 

2018.06.14 12:42:54 EDT DEBUG objectsdetection.Consumer 102 run - StartIndex 3, EndIndex 4, RandomIndex 3 (File Name C:\Users\wenbo\Desktop\videostreaming\test00839.jpg), ListSize 5, eachPart 1 

2018.06.14 12:42:54 EDT DEBUG objectsdetection.Consumer 102 run - StartIndex 4, EndIndex 5, RandomIndex 4 (File Name C:\Users\wenbo\Desktop\videostreaming\test00720.jpg), ListSize 5, eachPart 1 

2018.06.14 12:42:54 EDT DEBUG objectsdetection.Consumer 113 run - Cleaning List from 0 to 5 

2018.06.14 12:42:54 EDT DEBUG objectsdetection.Producer 87 watchAndLoadImageDirectory - Putting New ENTRY_CREATE 1 test00654.jpg 

2018.06.14 12:42:55 EDT DEBUG objectsdetection.Producer 87 watchAndLoadImageDirectory - Putting New ENTRY_CREATE 1 test01086.jpg 

2018.06.14 12:42:55 EDT DEBUG objectsdetection.Producer 87 watchAndLoadImageDirectory - Putting New ENTRY_CREATE 1 test00218.jpg 

2018.06.14 12:42:55 EDT DEBUG objectsdetection.Producer 87 watchAndLoadImageDirectory - Putting New ENTRY_CREATE 1 test01321.jpg 

2018.06.14 12:42:55 EDT DEBUG objectsdetection.Producer 87 watchAndLoadImageDirectory - Putting New ENTRY_CREATE 1 t00001.jpg 

2018.06.14 12:42:55 EDT DEBUG objectsdetection.Producer 87 watchAndLoadImageDirectory - Putting New ENTRY_CREATE 1 test01156.jpg 

2018.06.14 12:42:55 EDT DEBUG objectsdetection.Producer 87 watchAndLoadImageDirectory - Putting New ENTRY_CREATE 1 test00830.jpg 

2018.06.14 12:42:55 EDT DEBUG objectsdetection.Producer 87 watchAndLoadImageDirectory - Putting New ENTRY_CREATE 1 test01304.jpg 

2018.06.14 12:42:55 EDT DEBUG objectsdetection.Producer 87 watchAndLoadImageDirectory - Putting New ENTRY_CREATE 1 test01353.jpg 

2018.06.14 12:42:55 EDT DEBUG objectsdetection.Producer 87 watchAndLoadImageDirectory - Putting New ENTRY_CREATE 1 t00002.jpg 

2018.06.14 12:42:55 EDT DEBUG objectsdetection.Producer 87 watchAndLoadImageDirectory - Putting New ENTRY_CREATE 1 test00610.jpg 

2018.06.14 12:42:55 EDT DEBUG objectsdetection.Producer 87 watchAndLoadImageDirectory - Putting New ENTRY_CREATE 1 t00003.jpg 

2018.06.14 12:42:55 EDT DEBUG objectsdetection.Producer 87 watchAndLoadImageDirectory - Putting New ENTRY_CREATE 1 test00763.jpg 

2018.06.14 12:42:55 EDT DEBUG objectsdetection.Producer 87 watchAndLoadImageDirectory - Putting New ENTRY_CREATE 1 test00961.jpg 

2018.06.14 12:42:55 EDT DEBUG objectsdetection.Producer 87 watchAndLoadImageDirectory - Putting New ENTRY_CREATE 1 test00748.jpg 

2018.06.14 12:42:55 EDT DEBUG objectsdetection.Producer 87 watchAndLoadImageDirectory - Putting New ENTRY_CREATE 1 test00822.jpg 

2018.06.14 12:42:55 EDT DEBUG objectsdetection.Producer 87 watchAndLoadImageDirectory - Putting New ENTRY_CREATE 1 t00004.jpg 

2018.06.14 12:42:55 EDT DEBUG objectsdetection.Producer 87 watchAndLoadImageDirectory - Putting New ENTRY_CREATE 1 test01201.jpg 

2018.06.14 12:42:55 EDT DEBUG objectsdetection.Producer 87 watchAndLoadImageDirectory - Putting New ENTRY_CREATE 1 test01107.jpg 

2018.06.14 12:42:55 EDT DEBUG objectsdetection.Producer 87 watchAndLoadImageDirectory - Putting New ENTRY_CREATE 1 t00005.jpg 

2018.06.14 12:42:55 EDT DEBUG objectsdetection.Producer 87 watchAndLoadImageDirectory - Putting New ENTRY_CREATE 1 test00515.jpg 

2018.06.14 12:42:55 EDT DEBUG objectsdetection.Producer 87 watchAndLoadImageDirectory - Putting New ENTRY_CREATE 1 test00682.jpg 

2018.06.14 12:42:55 EDT DEBUG objectsdetection.Producer 87 watchAndLoadImageDirectory - Putting New ENTRY_CREATE 1 test00912.jpg 

2018.06.14 12:42:55 EDT DEBUG objectsdetection.Producer 87 watchAndLoadImageDirectory - Putting New ENTRY_CREATE 1 t00006.jpg 

2018.06.14 12:42:55 EDT DEBUG objectsdetection.Producer 87 watchAndLoadImageDirectory - Putting New ENTRY_CREATE 1 test00891.jpg 

2018.06.14 12:42:55 EDT DEBUG objectsdetection.Producer 87 watchAndLoadImageDirectory - Putting New ENTRY_CREATE 1 test00483.jpg 

2018.06.14 12:42:55 EDT DEBUG objectsdetection.Producer 87 watchAndLoadImageDirectory - Putting New ENTRY_CREATE 1 t00007.jpg 

2018.06.14 12:42:55 EDT DEBUG objectsdetection.Producer 87 watchAndLoadImageDirectory - Putting New ENTRY_CREATE 1 t00008.jpg 

2018.06.14 12:42:56 EDT DEBUG objectsdetection.Producer 87 watchAndLoadImageDirectory - Putting New ENTRY_CREATE 1 t00009.jpg 

2018.06.14 12:42:56 EDT DEBUG objectsdetection.Producer 87 watchAndLoadImageDirectory - Putting New ENTRY_CREATE 1 t00010.jpg 

2018.06.14 12:42:56 EDT DEBUG objectsdetection.Producer 87 watchAndLoadImageDirectory - Putting New ENTRY_CREATE 1 t00011.jpg 

2018.06.14 12:42:56 EDT DEBUG objectsdetection.Producer 87 watchAndLoadImageDirectory - Putting New ENTRY_CREATE 1 t00012.jpg 

2018.06.14 12:42:56 EDT DEBUG objectsdetection.Producer 87 watchAndLoadImageDirectory - Putting New ENTRY_CREATE 1 t00013.jpg 

2018.06.14 12:42:56 EDT DEBUG objectsdetection.Producer 87 watchAndLoadImageDirectory - Putting New ENTRY_CREATE 1 t00014.jpg 

2018.06.14 12:42:56 EDT DEBUG objectsdetection.Producer 87 watchAndLoadImageDirectory - Putting New ENTRY_CREATE 1 t00015.jpg 

2018.06.14 12:42:56 EDT DEBUG objectsdetection.Producer 87 watchAndLoadImageDirectory - Putting New ENTRY_CREATE 1 t00016.jpg 

2018.06.14 12:42:56 EDT DEBUG objectsdetection.Producer 87 watchAndLoadImageDirectory - Putting New ENTRY_CREATE 1 t00017.jpg 

2018.06.14 12:42:56 EDT DEBUG objectsdetection.Producer 87 watchAndLoadImageDirectory - Putting New ENTRY_CREATE 1 t00018.jpg 

2018.06.14 12:42:56 EDT DEBUG objectsdetection.Producer 87 watchAndLoadImageDirectory - Putting New ENTRY_CREATE 1 t00019.jpg 

2018.06.14 12:42:56 EDT DEBUG objectsdetection.Producer 87 watchAndLoadImageDirectory - Putting New ENTRY_CREATE 1 t00020.jpg 

2018.06.14 12:42:56 EDT DEBUG objectsdetection.Producer 87 watchAndLoadImageDirectory - Putting New ENTRY_CREATE 1 t00021.jpg 

2018.06.14 12:42:56 EDT DEBUG objectsdetection.Producer 87 watchAndLoadImageDirectory - Putting New ENTRY_CREATE 1 t00022.jpg 

2018.06.14 12:42:56 EDT DEBUG objectsdetection.Producer 87 watchAndLoadImageDirectory - Putting New ENTRY_CREATE 1 t00023.jpg 

2018.06.14 12:42:56 EDT DEBUG objectsdetection.Producer 87 watchAndLoadImageDirectory - Putting New ENTRY_CREATE 1 t00024.jpg 

2018.06.14 12:42:56 EDT DEBUG objectsdetection.Producer 87 watchAndLoadImageDirectory - Putting New ENTRY_CREATE 1 t00025.jpg 

2018.06.14 12:42:56 EDT DEBUG objectsdetection.Producer 87 watchAndLoadImageDirectory - Putting New ENTRY_CREATE 1 t00026.jpg 

2018.06.14 12:42:57 EDT DEBUG objectsdetection.Producer 87 watchAndLoadImageDirectory - Putting New ENTRY_CREATE 1 t00027.jpg 

2018.06.14 12:42:57 EDT DEBUG objectsdetection.Producer 87 watchAndLoadImageDirectory - Putting New ENTRY_CREATE 1 t00028.jpg 

2018.06.14 12:42:57 EDT DEBUG objectsdetection.Producer 87 watchAndLoadImageDirectory - Putting New ENTRY_CREATE 1 t00029.jpg 

2018.06.14 12:42:57 EDT DEBUG objectsdetection.Producer 87 watchAndLoadImageDirectory - Putting New ENTRY_CREATE 1 t00030.jpg 

2018.06.14 12:42:57 EDT DEBUG objectsdetection.Producer 87 watchAndLoadImageDirectory - Putting New ENTRY_CREATE 1 t00031.jpg 

2018.06.14 12:42:57 EDT DEBUG objectsdetection.Producer 87 watchAndLoadImageDirectory - Putting New ENTRY_CREATE 1 t00032.jpg 

2018.06.14 12:42:57 EDT DEBUG objectsdetection.Producer 87 watchAndLoadImageDirectory - Putting New ENTRY_CREATE 1 t00033.jpg 

2018.06.14 12:42:57 EDT DEBUG objectsdetection.Producer 87 watchAndLoadImageDirectory - Putting New ENTRY_CREATE 1 t00034.jpg 

2018.06.14 12:42:57 EDT DEBUG objectsdetection.Producer 87 watchAndLoadImageDirectory - Putting New ENTRY_CREATE 1 t00035.jpg 

2018.06.14 12:42:57 EDT DEBUG objectsdetection.Producer 87 watchAndLoadImageDirectory - Putting New ENTRY_CREATE 1 t00036.jpg 

2018.06.14 12:42:57 EDT DEBUG objectsdetection.Producer 87 watchAndLoadImageDirectory - Putting New ENTRY_CREATE 1 t00037.jpg 

2018.06.14 12:42:57 EDT DEBUG objectsdetection.Producer 87 watchAndLoadImageDirectory - Putting New ENTRY_CREATE 1 t00038.jpg 

2018.06.14 12:42:57 EDT DEBUG objectsdetection.Producer 87 watchAndLoadImageDirectory - Putting New ENTRY_CREATE 1 t00039.jpg 

2018.06.14 12:42:57 EDT DEBUG objectsdetection.Producer 87 watchAndLoadImageDirectory - Putting New ENTRY_CREATE 1 t00040.jpg 

2018.06.14 12:42:57 EDT DEBUG objectsdetection.Producer 87 watchAndLoadImageDirectory - Putting New ENTRY_CREATE 1 t00041.jpg 

2018.06.14 12:42:57 EDT DEBUG objectsdetection.Producer 87 watchAndLoadImageDirectory - Putting New ENTRY_CREATE 1 t00042.jpg 

2018.06.14 12:42:57 EDT DEBUG objectsdetection.Producer 87 watchAndLoadImageDirectory - Putting New ENTRY_CREATE 1 t00043.jpg 

2018.06.14 12:42:57 EDT DEBUG objectsdetection.Producer 87 watchAndLoadImageDirectory - Putting New ENTRY_CREATE 1 t00044.jpg 

2018.06.14 12:42:57 EDT DEBUG objectsdetection.Producer 87 watchAndLoadImageDirectory - Putting New ENTRY_CREATE 1 test00652.jpg 

2018.06.14 12:42:57 EDT DEBUG objectsdetection.Producer 87 watchAndLoadImageDirectory - Putting New ENTRY_CREATE 1 t00045.jpg 

2018.06.14 12:42:57 EDT DEBUG objectsdetection.Producer 87 watchAndLoadImageDirectory - Putting New ENTRY_CREATE 1 test00380.jpg 

2018.06.14 12:42:57 EDT DEBUG objectsdetection.Producer 87 watchAndLoadImageDirectory - Putting New ENTRY_CREATE 1 t00046.jpg 

2018.06.14 12:42:57 EDT DEBUG objectsdetection.Producer 87 watchAndLoadImageDirectory - Putting New ENTRY_CREATE 1 test00548.jpg 

2018.06.14 12:42:57 EDT DEBUG objectsdetection.Producer 87 watchAndLoadImageDirectory - Putting New ENTRY_CREATE 1 test00201.jpg 

2018.06.14 12:42:57 EDT DEBUG objectsdetection.Producer 87 watchAndLoadImageDirectory - Putting New ENTRY_CREATE 1 t00047.jpg 

2018.06.14 12:42:57 EDT DEBUG objectsdetection.Producer 87 watchAndLoadImageDirectory - Putting New ENTRY_CREATE 1 test00388.jpg 

2018.06.14 12:42:57 EDT DEBUG objectsdetection.Producer 87 watchAndLoadImageDirectory - Putting New ENTRY_CREATE 1 test00589.jpg 

2018.06.14 12:42:57 EDT DEBUG objectsdetection.Producer 87 watchAndLoadImageDirectory - Putting New ENTRY_CREATE 1 t00048.jpg 

2018.06.14 12:42:57 EDT DEBUG objectsdetection.Producer 87 watchAndLoadImageDirectory - Putting New ENTRY_CREATE 1 test00496.jpg 

2018.06.14 12:42:58 EDT DEBUG objectsdetection.Producer 87 watchAndLoadImageDirectory - Putting New ENTRY_CREATE 1 t00049.jpg 

2018.06.14 12:42:58 EDT DEBUG objectsdetection.Producer 87 watchAndLoadImageDirectory - Putting New ENTRY_CREATE 1 t00050.jpg 

2018.06.14 12:42:58 EDT DEBUG objectsdetection.Producer 87 watchAndLoadImageDirectory - Putting New ENTRY_CREATE 1 t00051.jpg 

2018.06.14 12:42:58 EDT DEBUG objectsdetection.Producer 87 watchAndLoadImageDirectory - Putting New ENTRY_CREATE 1 t00694.jpg 

2018.06.14 12:42:58 EDT DEBUG objectsdetection.Producer 87 watchAndLoadImageDirectory - Putting New ENTRY_CREATE 1 t00052.jpg 

2018.06.14 12:42:58 EDT DEBUG objectsdetection.Producer 87 watchAndLoadImageDirectory - Putting New ENTRY_CREATE 1 t00053.jpg 

2018.06.14 12:42:58 EDT DEBUG objectsdetection.Producer 87 watchAndLoadImageDirectory - Putting New ENTRY_CREATE 1 t00054.jpg 

2018.06.14 12:42:58 EDT DEBUG objectsdetection.Producer 87 watchAndLoadImageDirectory - Putting New ENTRY_CREATE 1 t00055.jpg 

2018.06.14 12:42:58 EDT DEBUG objectsdetection.Producer 87 watchAndLoadImageDirectory - Putting New ENTRY_CREATE 1 t00056.jpg 

2018.06.14 12:42:58 EDT DEBUG objectsdetection.Producer 87 watchAndLoadImageDirectory - Putting New ENTRY_CREATE 1 t00057.jpg 

2018.06.14 12:42:58 EDT DEBUG objectsdetection.Producer 87 watchAndLoadImageDirectory - Putting New ENTRY_CREATE 1 test00785.jpg 

2018.06.14 12:42:58 EDT DEBUG objectsdetection.Producer 87 watchAndLoadImageDirectory - Putting New ENTRY_CREATE 1 t00058.jpg 

2018.06.14 12:42:58 EDT DEBUG objectsdetection.Producer 87 watchAndLoadImageDirectory - Putting New ENTRY_CREATE 1 t00059.jpg 

2018.06.14 12:42:58 EDT DEBUG objectsdetection.Producer 87 watchAndLoadImageDirectory - Putting New ENTRY_CREATE 1 t00060.jpg 

2018.06.14 12:42:58 EDT DEBUG objectsdetection.Producer 87 watchAndLoadImageDirectory - Putting New ENTRY_CREATE 1 t00061.jpg 

2018.06.14 12:42:58 EDT DEBUG objectsdetection.Producer 87 watchAndLoadImageDirectory - Putting New ENTRY_CREATE 1 t00062.jpg 

2018.06.14 12:42:58 EDT DEBUG objectsdetection.Producer 87 watchAndLoadImageDirectory - Putting New ENTRY_CREATE 1 t00063.jpg 

2018.06.14 12:42:58 EDT DEBUG objectsdetection.Producer 87 watchAndLoadImageDirectory - Putting New ENTRY_CREATE 1 t00779.jpg 

2018.06.14 12:42:58 EDT DEBUG objectsdetection.Producer 87 watchAndLoadImageDirectory - Putting New ENTRY_CREATE 1 test00530.jpg 

2018.06.14 12:42:58 EDT DEBUG objectsdetection.Producer 87 watchAndLoadImageDirectory - Putting New ENTRY_CREATE 1 test01289.jpg 

2018.06.14 12:42:58 EDT DEBUG objectsdetection.Producer 87 watchAndLoadImageDirectory - Putting New ENTRY_CREATE 1 test00465.jpg 

2018.06.14 12:42:58 EDT DEBUG objectsdetection.Producer 87 watchAndLoadImageDirectory - Putting New ENTRY_CREATE 1 test00503.jpg 

2018.06.14 12:42:58 EDT DEBUG objectsdetection.Producer 87 watchAndLoadImageDirectory - Putting New ENTRY_CREATE 1 test00629.jpg 

2018.06.14 12:42:58 EDT DEBUG objectsdetection.Producer 87 watchAndLoadImageDirectory - Putting New ENTRY_CREATE 1 test00117.jpg 

2018.06.14 12:42:58 EDT DEBUG objectsdetection.Producer 87 watchAndLoadImageDirectory - Putting New ENTRY_CREATE 1 t00705.jpg 

2018.06.14 12:42:58 EDT DEBUG objectsdetection.Producer 87 watchAndLoadImageDirectory - Putting New ENTRY_CREATE 1 test00297.jpg 

2018.06.14 12:42:58 EDT DEBUG objectsdetection.Producer 87 watchAndLoadImageDirectory - Putting New ENTRY_CREATE 1 test00304.jpg 

2018.06.14 12:42:58 EDT DEBUG objectsdetection.Producer 87 watchAndLoadImageDirectory - Putting New ENTRY_CREATE 1 test00825.jpg 

2018.06.14 12:42:59 EDT DEBUG objectsdetection.Producer 87 watchAndLoadImageDirectory - Putting New ENTRY_CREATE 1 test00922.jpg 

2018.06.14 12:42:59 EDT DEBUG objectsdetection.Producer 87 watchAndLoadImageDirectory - Putting New ENTRY_CREATE 1 test00050.jpg 

2018.06.14 12:42:59 EDT DEBUG objectsdetection.Producer 87 watchAndLoadImageDirectory - Putting New ENTRY_CREATE 1 test00874.jpg 

2018.06.14 12:42:59 EDT DEBUG objectsdetection.Producer 87 watchAndLoadImageDirectory - Putting New ENTRY_CREATE 1 t00064.jpg 

2018.06.14 12:43:00 EDT DEBUG objectsdetection.Producer 87 watchAndLoadImageDirectory - Putting New ENTRY_CREATE 1 test00366.jpg 

2018.06.14 12:43:00 EDT DEBUG objectsdetection.Producer 87 watchAndLoadImageDirectory - Putting New ENTRY_CREATE 1 test00052.jpg 

2018.06.14 12:43:00 EDT DEBUG objectsdetection.Producer 87 watchAndLoadImageDirectory - Putting New ENTRY_CREATE 1 test00754.jpg 

2018.06.14 12:43:00 EDT DEBUG objectsdetection.Producer 87 watchAndLoadImageDirectory - Putting New ENTRY_CREATE 1 test00740.jpg 

2018.06.14 12:43:00 EDT DEBUG objectsdetection.Producer 87 watchAndLoadImageDirectory - Putting New ENTRY_CREATE 1 t00752.jpg 

2018.06.14 12:43:00 EDT DEBUG objectsdetection.Producer 87 watchAndLoadImageDirectory - Putting New ENTRY_CREATE 1 test00750.jpg 

2018.06.14 12:43:00 EDT DEBUG objectsdetection.Producer 87 watchAndLoadImageDirectory - Putting New ENTRY_CREATE 1 test00468.jpg 

2018.06.14 12:43:00 EDT DEBUG objectsdetection.Producer 87 watchAndLoadImageDirectory - Putting New ENTRY_CREATE 1 test00146.jpg 

2018.06.14 12:43:00 EDT DEBUG objectsdetection.Producer 87 watchAndLoadImageDirectory - Putting New ENTRY_CREATE 1 test01152.jpg 

2018.06.14 12:43:00 EDT DEBUG objectsdetection.Producer 87 watchAndLoadImageDirectory - Putting New ENTRY_CREATE 1 test01157.jpg 

2018.06.14 12:43:00 EDT DEBUG objectsdetection.Producer 87 watchAndLoadImageDirectory - Putting New ENTRY_CREATE 1 test00448.jpg 

2018.06.14 12:43:00 EDT DEBUG objectsdetection.Producer 87 watchAndLoadImageDirectory - Putting New ENTRY_CREATE 1 test00650.jpg 

2018.06.14 12:43:00 EDT DEBUG objectsdetection.Producer 87 watchAndLoadImageDirectory - Putting New ENTRY_CREATE 1 test00611.jpg 

2018.06.14 12:43:00 EDT DEBUG objectsdetection.Producer 87 watchAndLoadImageDirectory - Putting New ENTRY_CREATE 1 test00929.jpg 

2018.06.14 12:43:00 EDT DEBUG objectsdetection.Producer 87 watchAndLoadImageDirectory - Putting New ENTRY_CREATE 1 test00893.jpg 

2018.06.14 12:43:00 EDT DEBUG objectsdetection.Producer 87 watchAndLoadImageDirectory - Putting New ENTRY_CREATE 1 test00352.jpg 

2018.06.14 12:43:00 EDT DEBUG objectsdetection.Producer 87 watchAndLoadImageDirectory - Putting New ENTRY_CREATE 1 test01337.jpg 

2018.06.14 12:43:00 EDT DEBUG objectsdetection.Producer 87 watchAndLoadImageDirectory - Putting New ENTRY_CREATE 1 test00857.jpg 

2018.06.14 12:43:00 EDT DEBUG objectsdetection.Producer 87 watchAndLoadImageDirectory - Putting New ENTRY_CREATE 1 test00694.jpg 

2018.06.14 12:43:00 EDT DEBUG objectsdetection.Producer 87 watchAndLoadImageDirectory - Putting New ENTRY_CREATE 1 test00466.jpg 

2018.06.14 12:43:00 EDT DEBUG objectsdetection.Producer 87 watchAndLoadImageDirectory - Putting New ENTRY_CREATE 1 test00596.jpg 

2018.06.14 12:43:00 EDT DEBUG objectsdetection.Producer 87 watchAndLoadImageDirectory - Putting New ENTRY_CREATE 1 test00635.jpg 

2018.06.14 12:43:00 EDT DEBUG objectsdetection.Producer 87 watchAndLoadImageDirectory - Putting New ENTRY_CREATE 1 t00065.jpg 

2018.06.14 12:43:00 EDT DEBUG objectsdetection.Producer 87 watchAndLoadImageDirectory - Putting New ENTRY_CREATE 1 t00066.jpg 

2018.06.14 12:43:01 EDT DEBUG objectsdetection.Producer 87 watchAndLoadImageDirectory - Putting New ENTRY_CREATE 1 t00067.jpg 

2018.06.14 12:43:01 EDT DEBUG objectsdetection.Producer 87 watchAndLoadImageDirectory - Putting New ENTRY_CREATE 1 t00068.jpg 

2018.06.14 12:43:01 EDT DEBUG objectsdetection.Producer 87 watchAndLoadImageDirectory - Putting New ENTRY_CREATE 1 t00069.jpg 

2018.06.14 12:43:01 EDT DEBUG objectsdetection.Producer 87 watchAndLoadImageDirectory - Putting New ENTRY_CREATE 1 t00070.jpg 

2018.06.14 12:43:01 EDT DEBUG objectsdetection.Producer 87 watchAndLoadImageDirectory - Putting New ENTRY_CREATE 1 t00071.jpg 

2018.06.14 12:43:01 EDT DEBUG objectsdetection.Producer 87 watchAndLoadImageDirectory - Putting New ENTRY_CREATE 1 t00072.jpg 

2018.06.14 12:43:01 EDT DEBUG objectsdetection.Producer 87 watchAndLoadImageDirectory - Putting New ENTRY_CREATE 1 t00073.jpg 

2018.06.14 12:43:01 EDT DEBUG objectsdetection.Producer 87 watchAndLoadImageDirectory - Putting New ENTRY_CREATE 1 t00074.jpg 

2018.06.14 12:43:01 EDT DEBUG objectsdetection.Producer 87 watchAndLoadImageDirectory - Putting New ENTRY_CREATE 1 t00075.jpg 

2018.06.14 12:43:01 EDT DEBUG objectsdetection.Producer 87 watchAndLoadImageDirectory - Putting New ENTRY_CREATE 1 t00076.jpg 

2018.06.14 12:43:01 EDT DEBUG objectsdetection.Producer 87 watchAndLoadImageDirectory - Putting New ENTRY_CREATE 1 t00077.jpg 

2018.06.14 12:43:01 EDT DEBUG objectsdetection.Producer 87 watchAndLoadImageDirectory - Putting New ENTRY_CREATE 1 t00078.jpg 

2018.06.14 12:43:01 EDT DEBUG objectsdetection.Producer 87 watchAndLoadImageDirectory - Putting New ENTRY_CREATE 1 t00079.jpg 

2018.06.14 12:43:01 EDT DEBUG objectsdetection.Producer 87 watchAndLoadImageDirectory - Putting New ENTRY_CREATE 1 t00080.jpg 

2018.06.14 12:43:01 EDT DEBUG objectsdetection.Producer 87 watchAndLoadImageDirectory - Putting New ENTRY_CREATE 1 t00081.jpg 

2018.06.14 12:43:01 EDT DEBUG objectsdetection.Producer 87 watchAndLoadImageDirectory - Putting New ENTRY_CREATE 1 t00082.jpg 

2018.06.14 12:43:01 EDT DEBUG objectsdetection.Producer 87 watchAndLoadImageDirectory - Putting New ENTRY_CREATE 1 t00083.jpg 

2018.06.14 12:43:01 EDT DEBUG objectsdetection.Producer 87 watchAndLoadImageDirectory - Putting New ENTRY_CREATE 1 t00084.jpg 

2018.06.14 12:43:01 EDT DEBUG objectsdetection.Producer 87 watchAndLoadImageDirectory - Putting New ENTRY_CREATE 1 t00085.jpg 

2018.06.14 12:43:01 EDT DEBUG objectsdetection.Producer 87 watchAndLoadImageDirectory - Putting New ENTRY_CREATE 1 t00086.jpg 

2018.06.14 12:43:01 EDT DEBUG objectsdetection.Producer 87 watchAndLoadImageDirectory - Putting New ENTRY_CREATE 1 t00087.jpg 

2018.06.14 12:43:01 EDT DEBUG objectsdetection.Producer 87 watchAndLoadImageDirectory - Putting New ENTRY_CREATE 1 t00088.jpg 

2018.06.14 12:43:01 EDT DEBUG objectsdetection.Producer 87 watchAndLoadImageDirectory - Putting New ENTRY_CREATE 1 t00089.jpg 

2018.06.14 12:43:01 EDT DEBUG objectsdetection.Producer 87 watchAndLoadImageDirectory - Putting New ENTRY_CREATE 1 t00090.jpg 

2018.06.14 12:43:01 EDT DEBUG objectsdetection.Producer 87 watchAndLoadImageDirectory - Putting New ENTRY_CREATE 1 t00091.jpg 

2018.06.14 12:43:02 EDT DEBUG objectsdetection.Producer 87 watchAndLoadImageDirectory - Putting New ENTRY_CREATE 1 t00092.jpg 

2018.06.14 12:43:02 EDT DEBUG objectsdetection.Producer 87 watchAndLoadImageDirectory - Putting New ENTRY_CREATE 1 t00093.jpg 

2018.06.14 12:43:02 EDT DEBUG objectsdetection.Producer 87 watchAndLoadImageDirectory - Putting New ENTRY_CREATE 1 t00094.jpg 

2018.06.14 12:43:02 EDT DEBUG objectsdetection.Producer 87 watchAndLoadImageDirectory - Putting New ENTRY_CREATE 1 test00855.jpg 

2018.06.14 12:43:02 EDT DEBUG objectsdetection.Producer 87 watchAndLoadImageDirectory - Putting New ENTRY_CREATE 1 t00095.jpg 

2018.06.14 12:43:02 EDT DEBUG objectsdetection.Producer 87 watchAndLoadImageDirectory - Putting New ENTRY_CREATE 1 t00096.jpg 

2018.06.14 12:43:02 EDT DEBUG objectsdetection.Producer 87 watchAndLoadImageDirectory - Putting New ENTRY_CREATE 1 t00097.jpg 

2018.06.14 12:43:02 EDT DEBUG objectsdetection.Producer 87 watchAndLoadImageDirectory - Putting New ENTRY_CREATE 1 test00179.jpg 

2018.06.14 12:43:02 EDT DEBUG objectsdetection.Producer 87 watchAndLoadImageDirectory - Putting New ENTRY_CREATE 1 test00925.jpg 

2018.06.14 12:43:02 EDT DEBUG objectsdetection.Producer 87 watchAndLoadImageDirectory - Putting New ENTRY_CREATE 1 t00098.jpg 

2018.06.14 12:43:02 EDT DEBUG objectsdetection.Producer 87 watchAndLoadImageDirectory - Putting New ENTRY_CREATE 1 test00046.jpg 

2018.06.14 12:43:02 EDT DEBUG objectsdetection.Producer 87 watchAndLoadImageDirectory - Putting New ENTRY_CREATE 1 t00099.jpg 

2018.06.14 12:43:02 EDT DEBUG objectsdetection.Producer 87 watchAndLoadImageDirectory - Putting New ENTRY_CREATE 1 t00100.jpg 

2018.06.14 12:43:02 EDT DEBUG objectsdetection.Producer 87 watchAndLoadImageDirectory - Putting New ENTRY_CREATE 1 test00661.jpg 

2018.06.14 12:43:02 EDT DEBUG objectsdetection.Producer 87 watchAndLoadImageDirectory - Putting New ENTRY_CREATE 1 test00098.jpg 

2018.06.14 12:43:02 EDT DEBUG objectsdetection.Producer 87 watchAndLoadImageDirectory - Putting New ENTRY_CREATE 1 t00101.jpg 

2018.06.14 12:43:02 EDT DEBUG objectsdetection.Producer 87 watchAndLoadImageDirectory - Putting New ENTRY_CREATE 1 test00211.jpg 

2018.06.14 12:43:02 EDT DEBUG objectsdetection.Producer 87 watchAndLoadImageDirectory - Putting New ENTRY_CREATE 1 t00102.jpg 

2018.06.14 12:43:02 EDT DEBUG objectsdetection.Producer 87 watchAndLoadImageDirectory - Putting New ENTRY_CREATE 1 t00757.jpg 

2018.06.14 12:43:02 EDT DEBUG objectsdetection.Producer 87 watchAndLoadImageDirectory - Putting New ENTRY_CREATE 1 test00987.jpg 

2018.06.14 12:43:02 EDT DEBUG objectsdetection.Producer 87 watchAndLoadImageDirectory - Putting New ENTRY_CREATE 1 t00103.jpg 

2018.06.14 12:43:02 EDT DEBUG objectsdetection.Producer 87 watchAndLoadImageDirectory - Putting New ENTRY_CREATE 1 t00716.jpg 

2018.06.14 12:43:02 EDT DEBUG objectsdetection.Producer 87 watchAndLoadImageDirectory - Putting New ENTRY_CREATE 1 t00104.jpg 

2018.06.14 12:43:02 EDT DEBUG objectsdetection.Producer 87 watchAndLoadImageDirectory - Putting New ENTRY_CREATE 1 test00444.jpg 

2018.06.14 12:43:02 EDT DEBUG objectsdetection.Producer 87 watchAndLoadImageDirectory - Putting New ENTRY_CREATE 1 t00105.jpg 

2018.06.14 12:43:02 EDT DEBUG objectsdetection.Producer 87 watchAndLoadImageDirectory - Putting New ENTRY_CREATE 1 test00540.jpg 

2018.06.14 12:43:02 EDT DEBUG objectsdetection.Producer 87 watchAndLoadImageDirectory - Putting New ENTRY_CREATE 1 test00702.jpg 

2018.06.14 12:43:02 EDT DEBUG objectsdetection.Producer 87 watchAndLoadImageDirectory - Putting New ENTRY_CREATE 1 t00106.jpg 

2018.06.14 12:43:02 EDT DEBUG objectsdetection.Producer 87 watchAndLoadImageDirectory - Putting New ENTRY_CREATE 1 t00107.jpg 

2018.06.14 12:43:02 EDT DEBUG objectsdetection.Producer 87 watchAndLoadImageDirectory - Putting New ENTRY_CREATE 1 test00888.jpg 

2018.06.14 12:43:02 EDT DEBUG objectsdetection.Producer 87 watchAndLoadImageDirectory - Putting New ENTRY_CREATE 1 t00108.jpg 

2018.06.14 12:43:02 EDT DEBUG objectsdetection.Producer 87 watchAndLoadImageDirectory - Putting New ENTRY_CREATE 1 t00109.jpg 

2018.06.14 12:43:02 EDT DEBUG objectsdetection.Producer 87 watchAndLoadImageDirectory - Putting New ENTRY_CREATE 1 test00156.jpg 

2018.06.14 12:43:02 EDT DEBUG objectsdetection.Producer 87 watchAndLoadImageDirectory - Putting New ENTRY_CREATE 1 test01081.jpg 

2018.06.14 12:43:02 EDT DEBUG objectsdetection.Producer 87 watchAndLoadImageDirectory - Putting New ENTRY_CREATE 1 t00110.jpg 

2018.06.14 12:43:02 EDT DEBUG objectsdetection.Producer 87 watchAndLoadImageDirectory - Putting New ENTRY_CREATE 1 test01242.jpg 

2018.06.14 12:43:02 EDT DEBUG objectsdetection.Producer 87 watchAndLoadImageDirectory - Putting New ENTRY_CREATE 1 t00111.jpg 

2018.06.14 12:43:02 EDT DEBUG objectsdetection.Producer 87 watchAndLoadImageDirectory - Putting New ENTRY_CREATE 1 test00034.jpg 

2018.06.14 12:43:02 EDT DEBUG objectsdetection.Producer 87 watchAndLoadImageDirectory - Putting New ENTRY_CREATE 1 test00271.jpg 

2018.06.14 12:43:02 EDT DEBUG objectsdetection.Producer 87 watchAndLoadImageDirectory - Putting New ENTRY_CREATE 1 t00112.jpg 

2018.06.14 12:43:02 EDT DEBUG objectsdetection.Producer 87 watchAndLoadImageDirectory - Putting New ENTRY_CREATE 1 t00113.jpg 

2018.06.14 12:43:02 EDT DEBUG objectsdetection.Producer 87 watchAndLoadImageDirectory - Putting New ENTRY_CREATE 1 test00619.jpg 

2018.06.14 12:43:02 EDT DEBUG objectsdetection.Producer 87 watchAndLoadImageDirectory - Putting New ENTRY_CREATE 1 test00127.jpg 

2018.06.14 12:43:02 EDT DEBUG objectsdetection.Producer 87 watchAndLoadImageDirectory - Putting New ENTRY_CREATE 1 t00114.jpg 

2018.06.14 12:43:02 EDT DEBUG objectsdetection.Producer 87 watchAndLoadImageDirectory - Putting New ENTRY_CREATE 1 t00786.jpg 

2018.06.14 12:43:02 EDT DEBUG objectsdetection.Producer 87 watchAndLoadImageDirectory - Putting New ENTRY_CREATE 1 t00115.jpg 

2018.06.14 12:43:03 EDT DEBUG objectsdetection.Producer 87 watchAndLoadImageDirectory - Putting New ENTRY_CREATE 1 t00116.jpg 

2018.06.14 12:43:03 EDT DEBUG objectsdetection.Producer 87 watchAndLoadImageDirectory - Putting New ENTRY_CREATE 1 t00117.jpg 

2018.06.14 12:43:03 EDT DEBUG objectsdetection.Producer 87 watchAndLoadImageDirectory - Putting New ENTRY_CREATE 1 t00118.jpg 

2018.06.14 12:43:03 EDT DEBUG objectsdetection.Producer 87 watchAndLoadImageDirectory - Putting New ENTRY_CREATE 1 t00119.jpg 

2018.06.14 12:43:03 EDT DEBUG objectsdetection.Producer 87 watchAndLoadImageDirectory - Putting New ENTRY_CREATE 1 t00120.jpg 

2018.06.14 12:43:03 EDT DEBUG objectsdetection.Producer 87 watchAndLoadImageDirectory - Putting New ENTRY_CREATE 1 t00121.jpg 

2018.06.14 12:43:03 EDT DEBUG objectsdetection.Producer 87 watchAndLoadImageDirectory - Putting New ENTRY_CREATE 1 t00122.jpg 

2018.06.14 12:43:03 EDT DEBUG objectsdetection.Producer 87 watchAndLoadImageDirectory - Putting New ENTRY_CREATE 1 t00123.jpg 

2018.06.14 12:43:03 EDT DEBUG objectsdetection.Producer 87 watchAndLoadImageDirectory - Putting New ENTRY_CREATE 1 t00124.jpg 

2018.06.14 12:43:03 EDT DEBUG objectsdetection.Producer 87 watchAndLoadImageDirectory - Putting New ENTRY_CREATE 1 t00125.jpg 

2018.06.14 12:43:03 EDT DEBUG objectsdetection.Producer 87 watchAndLoadImageDirectory - Putting New ENTRY_CREATE 1 t00126.jpg 

2018.06.14 12:43:03 EDT DEBUG objectsdetection.Producer 87 watchAndLoadImageDirectory - Putting New ENTRY_CREATE 1 t00127.jpg 

2018.06.14 12:43:03 EDT DEBUG objectsdetection.Producer 87 watchAndLoadImageDirectory - Putting New ENTRY_CREATE 1 t00128.jpg 

2018.06.14 12:43:03 EDT DEBUG objectsdetection.Producer 87 watchAndLoadImageDirectory - Putting New ENTRY_CREATE 1 t00129.jpg 

2018.06.14 12:43:03 EDT DEBUG objectsdetection.Producer 87 watchAndLoadImageDirectory - Putting New ENTRY_CREATE 1 t00130.jpg 

2018.06.14 12:43:03 EDT DEBUG objectsdetection.Producer 87 watchAndLoadImageDirectory - Putting New ENTRY_CREATE 1 t00131.jpg 

2018.06.14 12:43:03 EDT DEBUG objectsdetection.Producer 87 watchAndLoadImageDirectory - Putting New ENTRY_CREATE 1 t00132.jpg 

2018.06.14 12:43:03 EDT DEBUG objectsdetection.Producer 87 watchAndLoadImageDirectory - Putting New ENTRY_CREATE 1 t00133.jpg 

2018.06.14 12:43:03 EDT DEBUG objectsdetection.Producer 87 watchAndLoadImageDirectory - Putting New ENTRY_CREATE 1 t00134.jpg 

2018.06.14 12:43:03 EDT DEBUG objectsdetection.Producer 87 watchAndLoadImageDirectory - Putting New ENTRY_CREATE 1 t00135.jpg 

2018.06.14 12:43:03 EDT DEBUG objectsdetection.Producer 87 watchAndLoadImageDirectory - Putting New ENTRY_CREATE 1 t00136.jpg 

2018.06.14 12:43:03 EDT DEBUG objectsdetection.Producer 87 watchAndLoadImageDirectory - Putting New ENTRY_CREATE 1 t00137.jpg 

2018.06.14 12:43:03 EDT DEBUG objectsdetection.Producer 87 watchAndLoadImageDirectory - Putting New ENTRY_CREATE 1 t00138.jpg 

2018.06.14 12:43:03 EDT DEBUG objectsdetection.Producer 87 watchAndLoadImageDirectory - Putting New ENTRY_CREATE 1 t00139.jpg 

2018.06.14 12:43:03 EDT DEBUG objectsdetection.Producer 87 watchAndLoadImageDirectory - Putting New ENTRY_CREATE 1 t00140.jpg 

2018.06.14 12:43:04 EDT DEBUG objectsdetection.Producer 87 watchAndLoadImageDirectory - Putting New ENTRY_CREATE 1 t00141.jpg 

2018.06.14 12:43:04 EDT DEBUG objectsdetection.Producer 87 watchAndLoadImageDirectory - Putting New ENTRY_CREATE 1 t00142.jpg 

2018.06.14 12:43:04 EDT DEBUG objectsdetection.Producer 87 watchAndLoadImageDirectory - Putting New ENTRY_CREATE 1 t00143.jpg 

2018.06.14 12:43:04 EDT DEBUG objectsdetection.Producer 87 watchAndLoadImageDirectory - Putting New ENTRY_CREATE 1 t00144.jpg 

2018.06.14 12:43:04 EDT DEBUG objectsdetection.Producer 87 watchAndLoadImageDirectory - Putting New ENTRY_CREATE 1 t00145.jpg 

2018.06.14 12:43:04 EDT DEBUG objectsdetection.Producer 87 watchAndLoadImageDirectory - Putting New ENTRY_CREATE 1 t00146.jpg 

2018.06.14 12:43:04 EDT DEBUG objectsdetection.Producer 87 watchAndLoadImageDirectory - Putting New ENTRY_CREATE 1 t00147.jpg 

2018.06.14 12:43:04 EDT DEBUG objectsdetection.Producer 87 watchAndLoadImageDirectory - Putting New ENTRY_CREATE 1 t00148.jpg 

2018.06.14 12:43:04 EDT DEBUG objectsdetection.Producer 87 watchAndLoadImageDirectory - Putting New ENTRY_CREATE 1 t00149.jpg 

2018.06.14 12:43:04 EDT DEBUG objectsdetection.Producer 87 watchAndLoadImageDirectory - Putting New ENTRY_CREATE 1 t00150.jpg 

2018.06.14 12:43:04 EDT DEBUG objectsdetection.Producer 87 watchAndLoadImageDirectory - Putting New ENTRY_CREATE 1 t00717.jpg 

2018.06.14 12:43:04 EDT DEBUG objectsdetection.Producer 87 watchAndLoadImageDirectory - Putting New ENTRY_CREATE 1 t00151.jpg 

2018.06.14 12:43:04 EDT DEBUG objectsdetection.Producer 87 watchAndLoadImageDirectory - Putting New ENTRY_CREATE 1 t00152.jpg 

2018.06.14 12:43:04 EDT DEBUG objectsdetection.Producer 87 watchAndLoadImageDirectory - Putting New ENTRY_CREATE 1 test00792.jpg 

2018.06.14 12:43:04 EDT DEBUG objectsdetection.Producer 87 watchAndLoadImageDirectory - Putting New ENTRY_CREATE 1 t00153.jpg 

2018.06.14 12:43:04 EDT DEBUG objectsdetection.Producer 87 watchAndLoadImageDirectory - Putting New ENTRY_CREATE 1 test00246.jpg 

2018.06.14 12:43:04 EDT DEBUG objectsdetection.Producer 87 watchAndLoadImageDirectory - Putting New ENTRY_CREATE 1 t00154.jpg 

2018.06.14 12:43:04 EDT DEBUG objectsdetection.Producer 87 watchAndLoadImageDirectory - Putting New ENTRY_CREATE 1 test00429.jpg 

2018.06.14 12:43:04 EDT DEBUG objectsdetection.Producer 87 watchAndLoadImageDirectory - Putting New ENTRY_CREATE 1 t00155.jpg 

2018.06.14 12:43:04 EDT DEBUG objectsdetection.Producer 87 watchAndLoadImageDirectory - Putting New ENTRY_CREATE 1 test00480.jpg 

2018.06.14 12:43:04 EDT DEBUG objectsdetection.Producer 87 watchAndLoadImageDirectory - Putting New ENTRY_CREATE 1 test00663.jpg 

2018.06.14 12:43:04 EDT DEBUG objectsdetection.Producer 87 watchAndLoadImageDirectory - Putting New ENTRY_CREATE 1 t00156.jpg 

2018.06.14 12:43:04 EDT DEBUG objectsdetection.Producer 87 watchAndLoadImageDirectory - Putting New ENTRY_CREATE 1 test01096.jpg 

2018.06.14 12:43:04 EDT DEBUG objectsdetection.Producer 87 watchAndLoadImageDirectory - Putting New ENTRY_CREATE 1 t00157.jpg 

2018.06.14 12:43:04 EDT DEBUG objectsdetection.Producer 87 watchAndLoadImageDirectory - Putting New ENTRY_CREATE 1 test00457.jpg 

2018.06.14 12:43:04 EDT DEBUG objectsdetection.Producer 87 watchAndLoadImageDirectory - Putting New ENTRY_CREATE 1 test01319.jpg 

2018.06.14 12:43:04 EDT DEBUG objectsdetection.Producer 87 watchAndLoadImageDirectory - Putting New ENTRY_CREATE 1 t00158.jpg 

2018.06.14 12:43:04 EDT DEBUG objectsdetection.Producer 87 watchAndLoadImageDirectory - Putting New ENTRY_CREATE 1 test00557.jpg 

2018.06.14 12:43:04 EDT DEBUG objectsdetection.Producer 87 watchAndLoadImageDirectory - Putting New ENTRY_CREATE 1 t00159.jpg 

2018.06.14 12:43:04 EDT DEBUG objectsdetection.Producer 87 watchAndLoadImageDirectory - Putting New ENTRY_CREATE 1 t01416.jpg 

2018.06.14 12:46:04 EDT DEBUG objectsdetection.helpers.Helper 104 deleteImage - Helper Deleting Sample\t00028.jpg
